2025-05-10 19:41:03,282 - root - INFO - Logging initialized. Log file: logs/network_scanner_20250510_194103.log
2025-05-10 19:41:03,283 - main - INFO - Starting Network Scanner & Management Tool
2025-05-10 19:41:03,283 - main - INFO - Application started by user: asmaa
2025-05-10 19:41:03,283 - main - INFO - Start time: 2025-05-10 18:41:03 UTC
2025-05-10 19:41:03,283 - config.settings - INFO - Settings loaded successfully
2025-05-10 19:41:03,409 - core.messaging.message_service - INFO - Message service started
2025-05-10 19:41:03,409 - core.messaging.message_server - INFO - Message server started on port 9876
2025-05-10 19:41:03,415 - core.messaging.message_server - INFO - Listening for client connections on port 9876
2025-05-10 19:41:03,471 - gui.scanner_tab - INFO - Onglet Scanner initialisé
2025-05-10 19:41:03,488 - gui.devices_tab - INFO - Chargement de 84 appareils depuis devices.json
2025-05-10 19:41:03,555 - gui.main_window - INFO - Main window initialized
2025-05-10 19:42:03,619 - gui.devices_tab - INFO - Sauvegarde de 84 appareils dans devices.json
2025-05-10 19:43:03,611 - gui.devices_tab - INFO - Sauvegarde de 84 appareils dans devices.json
2025-05-10 19:44:03,621 - gui.devices_tab - INFO - Sauvegarde de 84 appareils dans devices.json
2025-05-10 19:45:03,626 - gui.devices_tab - INFO - Sauvegarde de 84 appareils dans devices.json
2025-05-10 19:46:03,604 - gui.devices_tab - INFO - Sauvegarde de 84 appareils dans devices.json
2025-05-10 19:46:06,411 - core.remote.device_manager - INFO - Port 9877 closed on 192.168.1.15, error code: 11
2025-05-10 19:46:06,492 - core.remote.device_manager - INFO - Port 9877 closed on 192.168.1.15, error code: 11
2025-05-10 19:47:03,659 - gui.devices_tab - INFO - Sauvegarde de 84 appareils dans devices.json
2025-05-10 19:48:03,659 - gui.devices_tab - INFO - Sauvegarde de 84 appareils dans devices.json
2025-05-10 19:49:03,659 - gui.devices_tab - INFO - Sauvegarde de 84 appareils dans devices.json
2025-05-10 19:50:03,659 - gui.devices_tab - INFO - Sauvegarde de 84 appareils dans devices.json
2025-05-10 19:51:03,601 - gui.devices_tab - INFO - Sauvegarde de 84 appareils dans devices.json
2025-05-10 19:51:09,415 - core.remote.device_manager - INFO - Port 9877 closed on 192.168.1.15, error code: 11
2025-05-10 19:51:09,496 - core.remote.device_manager - INFO - Port 9877 closed on 192.168.1.15, error code: 11
2025-05-10 19:52:03,606 - gui.devices_tab - INFO - Sauvegarde de 84 appareils dans devices.json
2025-05-10 19:53:03,650 - gui.devices_tab - INFO - Sauvegarde de 84 appareils dans devices.json
2025-05-10 19:53:17,463 - core.messaging.message_service - INFO - Message service stopped
2025-05-10 19:53:17,463 - core.messaging.message_server - INFO - Message server stopped
