2025-04-29 22:59:09,758 - root - INFO - Logging initialized. Log file: logs\network_scanner_20250429_225909.log
2025-04-29 22:59:09,758 - main - INFO - Starting Network Scanner & Management Tool
2025-04-29 22:59:09,759 - main - INFO - Application started by user: pc
2025-04-29 22:59:09,761 - main - INFO - Start time: 2025-04-29 21:59:09 UTC
2025-04-29 22:59:09,771 - config.settings - INFO - Settings loaded successfully
2025-04-29 22:59:09,830 - core.messaging.message_service - INFO - Message service started
2025-04-29 22:59:09,831 - core.messaging.message_server - INFO - Message server started on port 9876
2025-04-29 22:59:09,838 - core.messaging.message_server - INFO - Listening for client connections on port 9876
2025-04-29 22:59:10,967 - gui.scanner_tab - INFO - Onglet Scanner initialisé
2025-04-29 22:59:10,998 - gui.devices_tab - INFO - Chargement de 12 appareils depuis devices.json
2025-04-29 22:59:11,037 - gui.main_window - INFO - Main window initialized
2025-04-29 23:00:10,998 - gui.devices_tab - INFO - Sauvegarde de 12 appareils dans devices.json
2025-04-29 23:01:11,000 - gui.devices_tab - INFO - Sauvegarde de 12 appareils dans devices.json
2025-04-29 23:02:11,008 - gui.devices_tab - INFO - Sauvegarde de 12 appareils dans devices.json
2025-04-29 23:03:11,006 - gui.devices_tab - INFO - Sauvegarde de 12 appareils dans devices.json
2025-04-29 23:04:10,997 - gui.devices_tab - INFO - Sauvegarde de 12 appareils dans devices.json
2025-04-29 23:04:12,836 - core.remote.device_manager - INFO - Port 9877 closed on 192.168.1.15, error code: 10035
2025-04-29 23:04:14,008 - core.remote.device_manager - INFO - Port 9877 closed on 192.168.1.15, error code: 10035
2025-04-29 23:05:11,002 - gui.devices_tab - INFO - Sauvegarde de 12 appareils dans devices.json
2025-04-29 23:06:11,012 - gui.devices_tab - INFO - Sauvegarde de 12 appareils dans devices.json
2025-04-29 23:07:11,027 - gui.devices_tab - INFO - Sauvegarde de 12 appareils dans devices.json
2025-04-29 23:08:11,020 - gui.devices_tab - INFO - Sauvegarde de 12 appareils dans devices.json
2025-04-29 23:09:11,013 - gui.devices_tab - INFO - Sauvegarde de 12 appareils dans devices.json
2025-04-29 23:09:14,895 - core.remote.device_manager - INFO - Port 9877 closed on 192.168.1.15, error code: 10061
2025-04-29 23:09:16,049 - core.remote.device_manager - INFO - Port 9877 closed on 192.168.1.15, error code: 10061
2025-04-29 23:10:11,019 - gui.devices_tab - INFO - Sauvegarde de 12 appareils dans devices.json
2025-04-29 23:11:11,029 - gui.devices_tab - INFO - Sauvegarde de 12 appareils dans devices.json
2025-04-29 23:12:11,039 - gui.devices_tab - INFO - Sauvegarde de 12 appareils dans devices.json
2025-04-29 23:13:01,688 - core.messaging.message_service - INFO - Message service stopped
2025-04-29 23:13:01,688 - core.messaging.message_server - INFO - Message server stopped
