2025-04-30 01:51:44,884 - root - INFO - Logging initialized. Log file: logs\network_scanner_20250430_015144.log
2025-04-30 01:51:44,885 - main - INFO - Starting Network Scanner & Management Tool
2025-04-30 01:51:44,885 - main - INFO - Application started by user: pc
2025-04-30 01:51:44,887 - main - INFO - Start time: 2025-04-30 00:51:44 UTC
2025-04-30 01:51:44,887 - config.settings - INFO - Settings loaded successfully
2025-04-30 01:51:44,900 - core.messaging.message_service - INFO - Message service started
2025-04-30 01:51:44,900 - core.messaging.message_server - INFO - Message server started on port 9876
2025-04-30 01:51:44,901 - core.messaging.message_server - INFO - Listening for client connections on port 9876
2025-04-30 01:51:45,479 - gui.scanner_tab - INFO - Onglet Scanner initialisé
2025-04-30 01:51:45,499 - gui.devices_tab - INFO - Chargement de 12 appareils depuis devices.json
2025-04-30 01:51:45,519 - gui.main_window - INFO - Main window initialized
2025-04-30 01:52:45,500 - gui.devices_tab - INFO - Sauvegarde de 12 appareils dans devices.json
2025-04-30 01:53:45,508 - gui.devices_tab - INFO - Sauvegarde de 12 appareils dans devices.json
2025-04-30 01:54:45,501 - gui.devices_tab - INFO - Sauvegarde de 12 appareils dans devices.json
2025-04-30 01:55:45,509 - gui.devices_tab - INFO - Sauvegarde de 12 appareils dans devices.json
2025-04-30 01:56:44,918 - core.remote.device_manager - INFO - Device 192.168.1.15:9877 is online (ping response)
2025-04-30 01:56:45,508 - gui.devices_tab - INFO - Sauvegarde de 12 appareils dans devices.json
2025-04-30 01:56:45,525 - core.remote.device_manager - INFO - Device 192.168.1.15:9877 is online (ping response)
2025-04-30 01:57:45,511 - gui.devices_tab - INFO - Sauvegarde de 12 appareils dans devices.json
2025-04-30 01:58:45,509 - gui.devices_tab - INFO - Sauvegarde de 12 appareils dans devices.json
2025-04-30 01:59:45,511 - gui.devices_tab - INFO - Sauvegarde de 12 appareils dans devices.json
2025-04-30 02:00:29,692 - core.messaging.message_service - INFO - Message service stopped
2025-04-30 02:00:29,693 - core.messaging.message_server - INFO - Message server stopped
