2025-04-23 13:48:24,643 - root - INFO - Logging initialized. Log file: logs\network_scanner_20250423_134824.log
2025-04-23 13:48:24,643 - main - INFO - Starting Network Scanner & Management Tool
2025-04-23 13:48:24,643 - main - INFO - Application started by user: pc
2025-04-23 13:48:24,647 - main - INFO - Start time: 2025-04-23 12:48:24 UTC
2025-04-23 13:48:24,649 - config.settings - INFO - Settings loaded successfully
2025-04-23 13:48:25,165 - gui.scanner_tab - INFO - Onglet Scanner initialisé
2025-04-23 13:48:25,184 - gui.devices_tab - INFO - Chargement de 10 appareils depuis devices.json
2025-04-23 13:48:25,191 - gui.main_window - INFO - Main window initialized
2025-04-23 13:49:25,159 - gui.scanner_tab - INFO - Scan démarré: 192.168.1.0/24, type=ping, timeout=1s
2025-04-23 13:49:25,189 - gui.devices_tab - INFO - Sauvegarde de 10 appareils dans devices.json
2025-04-23 13:49:31,867 - gui.scanner_tab - INFO - Scan terminé: 0 appareils trouvés
2025-04-23 13:49:36,351 - gui.remote_tab - INFO - Signal reçu: mise à jour de 192.168.1.36:9877 à offline
2025-04-23 13:49:36,352 - gui.remote_tab - INFO - Statut mis à jour pour la ligne 0
2025-04-23 13:49:38,363 - gui.remote_tab - INFO - Signal reçu: mise à jour de 192.168.45.253:9877 à offline
2025-04-23 13:49:38,364 - gui.remote_tab - INFO - Statut mis à jour pour la ligne 1
2025-04-23 13:50:25,188 - gui.devices_tab - INFO - Sauvegarde de 10 appareils dans devices.json
2025-04-23 13:51:25,197 - gui.devices_tab - INFO - Sauvegarde de 10 appareils dans devices.json
2025-04-23 13:52:25,188 - gui.devices_tab - INFO - Sauvegarde de 10 appareils dans devices.json
2025-04-23 13:53:25,192 - gui.devices_tab - INFO - Sauvegarde de 10 appareils dans devices.json
2025-04-23 13:54:25,194 - gui.devices_tab - INFO - Sauvegarde de 10 appareils dans devices.json
2025-04-23 13:55:25,199 - gui.devices_tab - INFO - Sauvegarde de 10 appareils dans devices.json
2025-04-23 13:56:25,199 - gui.devices_tab - INFO - Sauvegarde de 10 appareils dans devices.json
2025-04-23 13:57:25,196 - gui.devices_tab - INFO - Sauvegarde de 10 appareils dans devices.json
2025-04-23 13:58:25,199 - gui.devices_tab - INFO - Sauvegarde de 10 appareils dans devices.json
2025-04-23 13:58:44,571 - gui.remote_tab - INFO - Signal reçu: mise à jour de 192.168.1.36:9877 à offline
2025-04-23 13:58:44,572 - gui.remote_tab - INFO - Statut mis à jour pour la ligne 0
2025-04-23 13:58:46,591 - gui.remote_tab - INFO - Signal reçu: mise à jour de 192.168.45.253:9877 à offline
2025-04-23 13:58:46,592 - gui.remote_tab - INFO - Statut mis à jour pour la ligne 1
2025-04-23 13:59:25,199 - gui.devices_tab - INFO - Sauvegarde de 10 appareils dans devices.json
2025-04-23 13:59:47,867 - gui.remote_tab - INFO - Signal reçu: mise à jour de 192.168.1.36:9877 à offline
2025-04-23 13:59:47,870 - gui.remote_tab - INFO - Statut mis à jour pour la ligne 0
2025-04-23 13:59:47,874 - gui.remote_tab - INFO - Signal reçu: mise à jour de 192.168.45.253:9877 à online
2025-04-23 13:59:47,876 - gui.remote_tab - INFO - Statut mis à jour pour la ligne 1
2025-04-23 14:00:25,200 - gui.devices_tab - INFO - Sauvegarde de 10 appareils dans devices.json
2025-04-23 14:01:25,190 - gui.devices_tab - INFO - Sauvegarde de 10 appareils dans devices.json
2025-04-23 14:02:25,189 - gui.devices_tab - INFO - Sauvegarde de 10 appareils dans devices.json
2025-04-23 14:03:25,191 - gui.devices_tab - INFO - Sauvegarde de 10 appareils dans devices.json
2025-04-23 14:04:25,189 - gui.devices_tab - INFO - Sauvegarde de 10 appareils dans devices.json
2025-04-23 14:04:52,191 - core.remote.device_manager - INFO - Envoi du fichier router-297707_1280.png à 192.168.45.253:9877, taille: 181560 octets
2025-04-23 14:05:13,245 - core.remote.device_manager - ERROR - Erreur de socket lors de la connexion à 192.168.45.253:9877: [WinError 10060] A connection attempt failed because the connected party did not properly respond after a period of time, or established connection failed because connected host has failed to respond
2025-04-23 14:05:25,201 - gui.devices_tab - INFO - Sauvegarde de 10 appareils dans devices.json
2025-04-23 14:06:25,195 - gui.devices_tab - INFO - Sauvegarde de 10 appareils dans devices.json
2025-04-23 14:07:25,196 - gui.devices_tab - INFO - Sauvegarde de 10 appareils dans devices.json
2025-04-23 14:08:25,199 - gui.devices_tab - INFO - Sauvegarde de 10 appareils dans devices.json
2025-04-23 14:09:25,187 - gui.devices_tab - INFO - Sauvegarde de 10 appareils dans devices.json
2025-04-23 14:10:25,196 - gui.devices_tab - INFO - Sauvegarde de 10 appareils dans devices.json
2025-04-23 14:11:25,191 - gui.devices_tab - INFO - Sauvegarde de 10 appareils dans devices.json
