2025-05-07 16:24:28,190 - root - INFO - Logging initialized. Log file: logs\network_scanner_20250507_162428.log
2025-05-07 16:24:28,190 - main - INFO - Starting Network Scanner & Management Tool
2025-05-07 16:24:28,190 - main - INFO - Application started by user: pc
2025-05-07 16:24:28,195 - main - INFO - Start time: 2025-05-07 15:24:28 UTC
2025-05-07 16:24:28,206 - config.settings - INFO - Settings loaded successfully
2025-05-07 16:24:28,228 - core.messaging.message_service - INFO - Message service started
2025-05-07 16:24:28,229 - core.messaging.message_server - INFO - Message server started on port 9876
2025-05-07 16:24:28,230 - core.messaging.message_server - INFO - Listening for client connections on port 9876
2025-05-07 16:24:29,350 - gui.scanner_tab - INFO - Onglet Scanner initialisé
2025-05-07 16:24:29,382 - gui.devices_tab - INFO - Chargement de 82 appareils depuis devices.json
2025-05-07 16:24:29,423 - gui.main_window - INFO - Main window initialized
2025-05-07 16:24:34,028 - gui.scanner_tab - INFO - Scan démarré: 192.168.1.0/24, type=ping, timeout=1s
2025-05-07 16:24:41,275 - gui.scanner_tab - INFO - Scan démarré: 192.168.1.0/24, type=ping, timeout=1s
2025-05-07 16:24:44,496 - gui.devices_tab - INFO - Sauvegarde de 82 appareils dans devices.json
2025-05-07 16:24:51,461 - gui.devices_tab - INFO - Sauvegarde de 82 appareils dans devices.json
2025-05-07 16:24:51,462 - gui.scanner_tab - INFO - Scan terminé: 1 appareils trouvés
2025-05-07 16:25:14,758 - gui.devices_tab - INFO - Sauvegarde de 83 appareils dans devices.json
2025-05-07 16:25:29,370 - gui.devices_tab - INFO - Sauvegarde de 83 appareils dans devices.json
2025-05-07 16:25:37,689 - gui.devices_tab - INFO - Sauvegarde de 84 appareils dans devices.json
2025-05-07 16:25:53,872 - gui.devices_tab - INFO - Sauvegarde de 84 appareils dans devices.json
2025-05-07 16:26:17,137 - gui.devices_tab - INFO - Sauvegarde de 84 appareils dans devices.json
2025-05-07 16:26:29,374 - gui.devices_tab - INFO - Sauvegarde de 84 appareils dans devices.json
2025-05-07 16:27:29,373 - gui.devices_tab - INFO - Sauvegarde de 84 appareils dans devices.json
2025-05-07 16:27:48,656 - gui.devices_tab - INFO - Sauvegarde de 85 appareils dans devices.json
2025-05-07 16:28:12,651 - gui.devices_tab - INFO - Sauvegarde de 85 appareils dans devices.json
2025-05-07 16:28:29,389 - gui.devices_tab - INFO - Sauvegarde de 85 appareils dans devices.json
2025-05-07 16:29:17,708 - gui.devices_tab - INFO - Sauvegarde de 86 appareils dans devices.json
2025-05-07 16:29:29,387 - gui.devices_tab - INFO - Sauvegarde de 86 appareils dans devices.json
2025-05-07 16:29:31,233 - core.remote.device_manager - INFO - Port 9877 closed on 192.168.1.15, error code: 10035
2025-05-07 16:29:32,396 - core.remote.device_manager - INFO - Port 9877 closed on 192.168.1.15, error code: 10035
2025-05-07 16:29:33,951 - gui.devices_tab - INFO - Sauvegarde de 87 appareils dans devices.json
2025-05-07 16:30:29,383 - gui.devices_tab - INFO - Sauvegarde de 87 appareils dans devices.json
2025-05-07 16:31:29,394 - gui.devices_tab - INFO - Sauvegarde de 87 appareils dans devices.json
2025-05-07 16:32:29,394 - gui.devices_tab - INFO - Sauvegarde de 87 appareils dans devices.json
2025-05-07 16:33:29,386 - gui.devices_tab - INFO - Sauvegarde de 87 appareils dans devices.json
2025-05-07 16:34:29,408 - gui.devices_tab - INFO - Sauvegarde de 87 appareils dans devices.json
2025-05-07 16:34:34,239 - core.remote.device_manager - INFO - Port 9877 closed on 192.168.1.15, error code: 10035
2025-05-07 16:34:35,400 - core.remote.device_manager - INFO - Port 9877 closed on 192.168.1.15, error code: 10035
2025-05-07 16:35:29,407 - gui.devices_tab - INFO - Sauvegarde de 87 appareils dans devices.json
2025-05-07 16:36:29,416 - gui.devices_tab - INFO - Sauvegarde de 87 appareils dans devices.json
2025-05-07 16:37:29,418 - gui.devices_tab - INFO - Sauvegarde de 87 appareils dans devices.json
2025-05-07 16:38:29,408 - gui.devices_tab - INFO - Sauvegarde de 87 appareils dans devices.json
2025-05-07 16:38:35,176 - core.messaging.message_service - INFO - Message service stopped
2025-05-07 16:38:35,178 - core.messaging.message_server - INFO - Message server stopped
