2025-05-10 02:01:36,822 - root - INFO - Logging initialized. Log file: logs/network_scanner_20250510_020136.log
2025-05-10 02:01:36,822 - main - INFO - Starting Network Scanner & Management Tool
2025-05-10 02:01:36,822 - main - INFO - Application started by user: asmaa
2025-05-10 02:01:36,823 - main - INFO - Start time: 2025-05-10 01:01:36 UTC
2025-05-10 02:01:36,823 - config.settings - INFO - Settings loaded successfully
2025-05-10 02:01:36,949 - core.messaging.message_service - INFO - Message service started
2025-05-10 02:01:36,949 - core.messaging.message_server - INFO - Message server started on port 9876
2025-05-10 02:01:36,955 - core.messaging.message_server - INFO - Listening for client connections on port 9876
2025-05-10 02:01:37,010 - gui.scanner_tab - INFO - Onglet Scanner initialisé
2025-05-10 02:01:37,026 - gui.devices_tab - INFO - Chargement de 81 appareils depuis devices.json
2025-05-10 02:01:37,081 - gui.main_window - INFO - Main window initialized
2025-05-10 02:02:36,660 - gui.devices_tab - INFO - Sauvegarde de 81 appareils dans devices.json
2025-05-10 02:02:52,981 - gui.scanner_tab - INFO - Scan démarré: 192.168.1.0/24, type=ping, timeout=1s
2025-05-10 02:02:59,999 - gui.scanner_tab - INFO - Scan terminé: 0 appareils trouvés
2025-05-10 02:03:14,517 - gui.scanner_tab - INFO - Scan démarré: 192.168.100.0/24, type=ping, timeout=1s
2025-05-10 02:03:14,704 - gui.devices_tab - INFO - Sauvegarde de 82 appareils dans devices.json
2025-05-10 02:03:36,660 - gui.devices_tab - INFO - Sauvegarde de 82 appareils dans devices.json
2025-05-10 02:03:51,302 - gui.devices_tab - INFO - Sauvegarde de 83 appareils dans devices.json
2025-05-10 02:04:36,660 - gui.devices_tab - INFO - Sauvegarde de 83 appareils dans devices.json
2025-05-10 02:05:16,392 - gui.devices_tab - INFO - Sauvegarde de 84 appareils dans devices.json
2025-05-10 02:05:36,660 - gui.devices_tab - INFO - Sauvegarde de 84 appareils dans devices.json
2025-05-10 02:06:36,660 - gui.devices_tab - INFO - Sauvegarde de 84 appareils dans devices.json
2025-05-10 02:06:39,951 - core.remote.device_manager - INFO - Port 9877 closed on 192.168.1.15, error code: 11
2025-05-10 02:06:40,030 - core.remote.device_manager - INFO - Port 9877 closed on 192.168.1.15, error code: 11
2025-05-10 02:07:29,752 - gui.devices_tab - INFO - Sauvegarde de 84 appareils dans devices.json
2025-05-10 02:07:36,660 - gui.devices_tab - INFO - Sauvegarde de 84 appareils dans devices.json
2025-05-10 02:08:36,660 - gui.devices_tab - INFO - Sauvegarde de 84 appareils dans devices.json
2025-05-10 02:09:36,661 - gui.devices_tab - INFO - Sauvegarde de 84 appareils dans devices.json
2025-05-10 02:09:38,122 - gui.scanner_tab - INFO - Scan démarré: 192.168.100.0/24, type=ping, timeout=1s
2025-05-10 02:09:38,178 - gui.devices_tab - INFO - Sauvegarde de 84 appareils dans devices.json
2025-05-10 02:09:57,188 - core.messaging.message_service - INFO - Message service stopped
2025-05-10 02:09:57,189 - core.messaging.message_server - INFO - Message server stopped
