2025-04-21 02:22:29,885 - root - INFO - Logging initialized. Log file: logs\network_scanner_20250421_022229.log
2025-04-21 02:22:29,885 - main - INFO - Starting Network Scanner & Management Tool
2025-04-21 02:22:29,886 - main - INFO - Application started by user: pc
2025-04-21 02:22:29,888 - main - INFO - Start time: 2025-04-21 01:22:29 UTC
2025-04-21 02:22:29,888 - config.settings - INFO - Settings loaded successfully
2025-04-21 02:22:30,155 - gui.scanner_tab - INFO - Onglet Scanner initialisé
2025-04-21 02:22:30,178 - gui.devices_tab - INFO - Chargement de 25 appareils depuis devices.json
2025-04-21 02:22:30,187 - gui.main_window - INFO - Main window initialized
2025-04-21 02:22:37,028 - gui.scanner_tab - INFO - Scan démarré: 192.168.1.0/24, type=ping, timeout=1s
2025-04-21 02:22:37,028 - gui.scanner_tab - ERROR - Erreur lors du scan ping: 'ScanThread' object has no attribute '_is_host_active'
Traceback (most recent call last):
  File "C:\GAMES\PFS\files\network_scanner_project\gui\scanner_tab.py", line 111, in _scan_ping
    if self._is_host_active(ip):
       ^^^^^^^^^^^^^^^^^^^^
AttributeError: 'ScanThread' object has no attribute '_is_host_active'
2025-04-21 02:22:37,033 - gui.scanner_tab - ERROR - Erreur lors du scan: 'ScanThread' object has no attribute '_is_host_active'
Traceback (most recent call last):
  File "C:\GAMES\PFS\files\network_scanner_project\gui\scanner_tab.py", line 64, in run
    self._scan_ping(self.ip_range)
    ~~~~~~~~~~~~~~~^^^^^^^^^^^^^^^
  File "C:\GAMES\PFS\files\network_scanner_project\gui\scanner_tab.py", line 111, in _scan_ping
    if self._is_host_active(ip):
       ^^^^^^^^^^^^^^^^^^^^
AttributeError: 'ScanThread' object has no attribute '_is_host_active'
2025-04-21 02:22:37,035 - gui.scanner_tab - INFO - Scan terminé: 0 appareils trouvés
2025-04-21 02:23:20,613 - gui.devices_tab - INFO - Sauvegarde de 24 appareils dans devices.json
2025-04-21 02:23:24,468 - gui.devices_tab - INFO - Sauvegarde de 23 appareils dans devices.json
2025-04-21 02:23:27,778 - gui.scanner_tab - INFO - Scan démarré: 192.168.1.0/24, type=ping, timeout=1s
2025-04-21 02:23:27,779 - gui.scanner_tab - ERROR - Erreur lors du scan ping: 'ScanThread' object has no attribute '_is_host_active'
Traceback (most recent call last):
  File "C:\GAMES\PFS\files\network_scanner_project\gui\scanner_tab.py", line 111, in _scan_ping
    if self._is_host_active(ip):
       ^^^^^^^^^^^^^^^^^^^^
AttributeError: 'ScanThread' object has no attribute '_is_host_active'
2025-04-21 02:23:27,780 - gui.scanner_tab - ERROR - Erreur lors du scan: 'ScanThread' object has no attribute '_is_host_active'
Traceback (most recent call last):
  File "C:\GAMES\PFS\files\network_scanner_project\gui\scanner_tab.py", line 64, in run
    self._scan_ping(self.ip_range)
    ~~~~~~~~~~~~~~~^^^^^^^^^^^^^^^
  File "C:\GAMES\PFS\files\network_scanner_project\gui\scanner_tab.py", line 111, in _scan_ping
    if self._is_host_active(ip):
       ^^^^^^^^^^^^^^^^^^^^
AttributeError: 'ScanThread' object has no attribute '_is_host_active'
2025-04-21 02:23:27,783 - gui.scanner_tab - INFO - Scan terminé: 0 appareils trouvés
2025-04-21 02:23:30,175 - gui.devices_tab - INFO - Sauvegarde de 23 appareils dans devices.json
2025-04-21 02:23:38,818 - gui.scanner_tab - INFO - Scan démarré: 192.168.1.0/24, type=ping, timeout=1s
2025-04-21 02:23:38,819 - gui.scanner_tab - ERROR - Erreur lors du scan ping: 'ScanThread' object has no attribute '_is_host_active'
Traceback (most recent call last):
  File "C:\GAMES\PFS\files\network_scanner_project\gui\scanner_tab.py", line 111, in _scan_ping
    if self._is_host_active(ip):
       ^^^^^^^^^^^^^^^^^^^^
AttributeError: 'ScanThread' object has no attribute '_is_host_active'
2025-04-21 02:23:38,820 - gui.scanner_tab - ERROR - Erreur lors du scan: 'ScanThread' object has no attribute '_is_host_active'
Traceback (most recent call last):
  File "C:\GAMES\PFS\files\network_scanner_project\gui\scanner_tab.py", line 64, in run
    self._scan_ping(self.ip_range)
    ~~~~~~~~~~~~~~~^^^^^^^^^^^^^^^
  File "C:\GAMES\PFS\files\network_scanner_project\gui\scanner_tab.py", line 111, in _scan_ping
    if self._is_host_active(ip):
       ^^^^^^^^^^^^^^^^^^^^
AttributeError: 'ScanThread' object has no attribute '_is_host_active'
2025-04-21 02:23:38,824 - gui.scanner_tab - INFO - Scan terminé: 0 appareils trouvés
2025-04-21 02:23:42,380 - gui.scanner_tab - INFO - Scan démarré: 192.168.1.0/24, type=arp, timeout=1s
2025-04-21 02:23:42,381 - gui.scanner_tab - INFO - Scan terminé: 0 appareils trouvés
2025-04-21 02:24:30,174 - gui.devices_tab - INFO - Sauvegarde de 23 appareils dans devices.json
2025-04-21 02:24:33,377 - core.remote.device_manager - WARNING - Appareil win8 (192.168.1.36:9877) ajouté mais non connecté
