2025-04-27 22:07:09,967 - root - INFO - Logging initialized. Log file: logs\network_scanner_20250427_220709.log
2025-04-27 22:07:09,967 - main - INFO - Starting Network Scanner & Management Tool
2025-04-27 22:07:09,967 - main - INFO - Application started by user: pc
2025-04-27 22:07:09,969 - main - INFO - Start time: 2025-04-27 21:07:09 UTC
2025-04-27 22:07:09,978 - config.settings - INFO - Settings loaded successfully
2025-04-27 22:07:10,545 - gui.scanner_tab - INFO - Onglet Scanner initialisé
2025-04-27 22:07:10,560 - gui.devices_tab - INFO - Chargement de 10 appareils depuis devices.json
2025-04-27 22:07:10,565 - gui.main_window - INFO - Main window initialized
2025-04-27 22:08:10,566 - gui.devices_tab - INFO - Sauvegarde de 10 appareils dans devices.json
2025-04-27 22:09:10,573 - gui.devices_tab - INFO - Sauvegarde de 10 appareils dans devices.json
2025-04-27 22:10:10,581 - gui.devices_tab - INFO - Sauvegarde de 10 appareils dans devices.json
2025-04-27 22:11:10,604 - gui.devices_tab - INFO - Sauvegarde de 10 appareils dans devices.json
2025-04-27 22:12:10,596 - gui.devices_tab - INFO - Sauvegarde de 10 appareils dans devices.json
2025-04-27 22:13:10,600 - gui.devices_tab - INFO - Sauvegarde de 10 appareils dans devices.json
2025-04-27 22:14:10,611 - gui.devices_tab - INFO - Sauvegarde de 10 appareils dans devices.json
2025-04-27 22:15:10,620 - gui.devices_tab - INFO - Sauvegarde de 10 appareils dans devices.json
2025-04-27 22:16:10,608 - gui.devices_tab - INFO - Sauvegarde de 10 appareils dans devices.json
2025-04-27 22:17:10,607 - gui.devices_tab - INFO - Sauvegarde de 10 appareils dans devices.json
2025-04-27 22:18:10,618 - gui.devices_tab - INFO - Sauvegarde de 10 appareils dans devices.json
2025-04-27 22:19:10,611 - gui.devices_tab - INFO - Sauvegarde de 10 appareils dans devices.json
2025-04-27 22:20:10,629 - gui.devices_tab - INFO - Sauvegarde de 10 appareils dans devices.json
2025-04-27 22:21:10,636 - gui.devices_tab - INFO - Sauvegarde de 10 appareils dans devices.json
2025-04-27 22:22:10,633 - gui.devices_tab - INFO - Sauvegarde de 10 appareils dans devices.json
2025-04-27 22:23:10,629 - gui.devices_tab - INFO - Sauvegarde de 10 appareils dans devices.json
2025-04-27 22:24:10,639 - gui.devices_tab - INFO - Sauvegarde de 10 appareils dans devices.json
2025-04-27 22:25:10,643 - gui.devices_tab - INFO - Sauvegarde de 10 appareils dans devices.json
2025-04-27 22:26:10,640 - gui.devices_tab - INFO - Sauvegarde de 10 appareils dans devices.json
2025-04-27 22:27:10,649 - gui.devices_tab - INFO - Sauvegarde de 10 appareils dans devices.json
2025-04-27 22:28:10,643 - gui.devices_tab - INFO - Sauvegarde de 10 appareils dans devices.json
2025-04-27 22:29:10,654 - gui.devices_tab - INFO - Sauvegarde de 10 appareils dans devices.json
2025-04-27 22:30:10,664 - gui.devices_tab - INFO - Sauvegarde de 10 appareils dans devices.json
2025-04-27 22:31:10,660 - gui.devices_tab - INFO - Sauvegarde de 10 appareils dans devices.json
2025-04-27 22:32:10,655 - gui.devices_tab - INFO - Sauvegarde de 10 appareils dans devices.json
2025-04-27 22:33:10,654 - gui.devices_tab - INFO - Sauvegarde de 10 appareils dans devices.json
2025-04-27 22:34:10,653 - gui.devices_tab - INFO - Sauvegarde de 10 appareils dans devices.json
2025-04-27 22:35:10,658 - gui.devices_tab - INFO - Sauvegarde de 10 appareils dans devices.json
2025-04-27 22:36:10,657 - gui.devices_tab - INFO - Sauvegarde de 10 appareils dans devices.json
2025-04-27 22:37:10,661 - gui.devices_tab - INFO - Sauvegarde de 10 appareils dans devices.json
2025-04-27 22:38:10,660 - gui.devices_tab - INFO - Sauvegarde de 10 appareils dans devices.json
2025-04-27 22:39:10,661 - gui.devices_tab - INFO - Sauvegarde de 10 appareils dans devices.json
2025-04-27 22:40:10,656 - gui.devices_tab - INFO - Sauvegarde de 10 appareils dans devices.json
2025-04-27 22:41:10,667 - gui.devices_tab - INFO - Sauvegarde de 10 appareils dans devices.json
2025-04-27 22:42:10,656 - gui.devices_tab - INFO - Sauvegarde de 10 appareils dans devices.json
2025-04-27 22:43:10,659 - gui.devices_tab - INFO - Sauvegarde de 10 appareils dans devices.json
2025-04-27 22:44:10,666 - gui.devices_tab - INFO - Sauvegarde de 10 appareils dans devices.json
2025-04-27 22:45:10,661 - gui.devices_tab - INFO - Sauvegarde de 10 appareils dans devices.json
2025-04-27 22:46:10,655 - gui.devices_tab - INFO - Sauvegarde de 10 appareils dans devices.json
2025-04-27 22:47:10,666 - gui.devices_tab - INFO - Sauvegarde de 10 appareils dans devices.json
2025-04-27 22:48:10,655 - gui.devices_tab - INFO - Sauvegarde de 10 appareils dans devices.json
2025-04-27 22:49:10,670 - gui.devices_tab - INFO - Sauvegarde de 10 appareils dans devices.json
2025-04-27 22:50:10,692 - gui.devices_tab - INFO - Sauvegarde de 10 appareils dans devices.json
2025-04-27 22:51:10,706 - gui.devices_tab - INFO - Sauvegarde de 10 appareils dans devices.json
2025-04-27 22:52:10,708 - gui.devices_tab - INFO - Sauvegarde de 10 appareils dans devices.json
2025-04-27 22:53:10,706 - gui.devices_tab - INFO - Sauvegarde de 10 appareils dans devices.json
2025-04-27 22:54:10,721 - gui.devices_tab - INFO - Sauvegarde de 10 appareils dans devices.json
2025-04-27 22:55:10,721 - gui.devices_tab - INFO - Sauvegarde de 10 appareils dans devices.json
2025-04-27 22:56:10,723 - gui.devices_tab - INFO - Sauvegarde de 10 appareils dans devices.json
2025-04-27 22:57:10,727 - gui.devices_tab - INFO - Sauvegarde de 10 appareils dans devices.json
2025-04-27 22:58:10,735 - gui.devices_tab - INFO - Sauvegarde de 10 appareils dans devices.json
2025-04-27 22:59:10,758 - gui.devices_tab - INFO - Sauvegarde de 10 appareils dans devices.json
2025-04-27 23:00:10,754 - gui.devices_tab - INFO - Sauvegarde de 10 appareils dans devices.json
2025-04-27 23:01:10,749 - gui.devices_tab - INFO - Sauvegarde de 10 appareils dans devices.json
2025-04-27 23:02:10,756 - gui.devices_tab - INFO - Sauvegarde de 10 appareils dans devices.json
2025-04-27 23:03:10,752 - gui.devices_tab - INFO - Sauvegarde de 10 appareils dans devices.json
2025-04-27 23:04:10,752 - gui.devices_tab - INFO - Sauvegarde de 10 appareils dans devices.json
2025-04-27 23:05:10,766 - gui.devices_tab - INFO - Sauvegarde de 10 appareils dans devices.json
2025-04-27 23:06:10,773 - gui.devices_tab - INFO - Sauvegarde de 10 appareils dans devices.json
2025-04-27 23:07:10,782 - gui.devices_tab - INFO - Sauvegarde de 10 appareils dans devices.json
2025-04-27 23:08:10,783 - gui.devices_tab - INFO - Sauvegarde de 10 appareils dans devices.json
2025-04-27 23:09:10,788 - gui.devices_tab - INFO - Sauvegarde de 10 appareils dans devices.json
2025-04-27 23:10:10,780 - gui.devices_tab - INFO - Sauvegarde de 10 appareils dans devices.json
2025-04-27 23:11:10,788 - gui.devices_tab - INFO - Sauvegarde de 10 appareils dans devices.json
2025-04-27 23:12:10,783 - gui.devices_tab - INFO - Sauvegarde de 10 appareils dans devices.json
2025-04-27 23:13:10,789 - gui.devices_tab - INFO - Sauvegarde de 10 appareils dans devices.json
2025-04-27 23:14:10,791 - gui.devices_tab - INFO - Sauvegarde de 10 appareils dans devices.json
2025-04-27 23:15:10,787 - gui.devices_tab - INFO - Sauvegarde de 10 appareils dans devices.json
2025-04-27 23:16:10,783 - gui.devices_tab - INFO - Sauvegarde de 10 appareils dans devices.json
2025-04-27 23:17:10,782 - gui.devices_tab - INFO - Sauvegarde de 10 appareils dans devices.json
2025-04-27 23:18:10,780 - gui.devices_tab - INFO - Sauvegarde de 10 appareils dans devices.json
2025-04-27 23:19:10,790 - gui.devices_tab - INFO - Sauvegarde de 10 appareils dans devices.json
2025-04-27 23:20:10,783 - gui.devices_tab - INFO - Sauvegarde de 10 appareils dans devices.json
2025-04-27 23:21:10,780 - gui.devices_tab - INFO - Sauvegarde de 10 appareils dans devices.json
2025-04-27 23:22:10,781 - gui.devices_tab - INFO - Sauvegarde de 10 appareils dans devices.json
2025-04-27 23:23:10,792 - gui.devices_tab - INFO - Sauvegarde de 10 appareils dans devices.json
2025-04-27 23:24:10,786 - gui.devices_tab - INFO - Sauvegarde de 10 appareils dans devices.json
2025-04-27 23:25:10,780 - gui.devices_tab - INFO - Sauvegarde de 10 appareils dans devices.json
2025-04-27 23:26:10,786 - gui.devices_tab - INFO - Sauvegarde de 10 appareils dans devices.json
2025-04-27 23:27:10,786 - gui.devices_tab - INFO - Sauvegarde de 10 appareils dans devices.json
2025-04-27 23:28:10,788 - gui.devices_tab - INFO - Sauvegarde de 10 appareils dans devices.json
2025-04-27 23:29:10,789 - gui.devices_tab - INFO - Sauvegarde de 10 appareils dans devices.json
2025-04-27 23:30:10,784 - gui.devices_tab - INFO - Sauvegarde de 10 appareils dans devices.json
2025-04-27 23:31:10,784 - gui.devices_tab - INFO - Sauvegarde de 10 appareils dans devices.json
2025-04-27 23:32:10,779 - gui.devices_tab - INFO - Sauvegarde de 10 appareils dans devices.json
2025-04-27 23:33:10,779 - gui.devices_tab - INFO - Sauvegarde de 10 appareils dans devices.json
2025-04-27 23:34:10,779 - gui.devices_tab - INFO - Sauvegarde de 10 appareils dans devices.json
2025-04-27 23:35:10,781 - gui.devices_tab - INFO - Sauvegarde de 10 appareils dans devices.json
2025-04-27 23:36:10,784 - gui.devices_tab - INFO - Sauvegarde de 10 appareils dans devices.json
2025-04-27 23:37:10,783 - gui.devices_tab - INFO - Sauvegarde de 10 appareils dans devices.json
2025-04-27 23:38:10,794 - gui.devices_tab - INFO - Sauvegarde de 10 appareils dans devices.json
2025-04-27 23:39:10,783 - gui.devices_tab - INFO - Sauvegarde de 10 appareils dans devices.json
2025-04-27 23:40:10,788 - gui.devices_tab - INFO - Sauvegarde de 10 appareils dans devices.json
2025-04-27 23:41:10,788 - gui.devices_tab - INFO - Sauvegarde de 10 appareils dans devices.json
2025-04-27 23:42:10,780 - gui.devices_tab - INFO - Sauvegarde de 10 appareils dans devices.json
2025-04-27 23:43:10,793 - gui.devices_tab - INFO - Sauvegarde de 10 appareils dans devices.json
2025-04-27 23:44:10,781 - gui.devices_tab - INFO - Sauvegarde de 10 appareils dans devices.json
2025-04-27 23:45:10,792 - gui.devices_tab - INFO - Sauvegarde de 10 appareils dans devices.json
2025-04-27 23:46:10,789 - gui.devices_tab - INFO - Sauvegarde de 10 appareils dans devices.json
2025-04-27 23:47:10,795 - gui.devices_tab - INFO - Sauvegarde de 10 appareils dans devices.json
2025-04-27 23:48:10,813 - gui.devices_tab - INFO - Sauvegarde de 10 appareils dans devices.json
2025-04-27 23:49:10,822 - gui.devices_tab - INFO - Sauvegarde de 10 appareils dans devices.json
2025-04-27 23:50:10,812 - gui.devices_tab - INFO - Sauvegarde de 10 appareils dans devices.json
2025-04-27 23:51:10,833 - gui.devices_tab - INFO - Sauvegarde de 10 appareils dans devices.json
2025-04-27 23:52:10,827 - gui.devices_tab - INFO - Sauvegarde de 10 appareils dans devices.json
2025-04-27 23:53:10,839 - gui.devices_tab - INFO - Sauvegarde de 10 appareils dans devices.json
2025-04-27 23:54:10,829 - gui.devices_tab - INFO - Sauvegarde de 10 appareils dans devices.json
2025-04-27 23:55:10,826 - gui.devices_tab - INFO - Sauvegarde de 10 appareils dans devices.json
2025-04-27 23:56:10,834 - gui.devices_tab - INFO - Sauvegarde de 10 appareils dans devices.json
2025-04-27 23:57:10,829 - gui.devices_tab - INFO - Sauvegarde de 10 appareils dans devices.json
2025-04-27 23:58:10,840 - gui.devices_tab - INFO - Sauvegarde de 10 appareils dans devices.json
2025-04-27 23:59:10,829 - gui.devices_tab - INFO - Sauvegarde de 10 appareils dans devices.json
2025-04-28 00:00:10,836 - gui.devices_tab - INFO - Sauvegarde de 10 appareils dans devices.json
2025-04-28 00:01:10,832 - gui.devices_tab - INFO - Sauvegarde de 10 appareils dans devices.json
2025-04-28 00:02:10,829 - gui.devices_tab - INFO - Sauvegarde de 10 appareils dans devices.json
2025-04-28 00:03:10,836 - gui.devices_tab - INFO - Sauvegarde de 10 appareils dans devices.json
2025-04-28 00:04:10,828 - gui.devices_tab - INFO - Sauvegarde de 10 appareils dans devices.json
2025-04-28 00:05:10,841 - gui.devices_tab - INFO - Sauvegarde de 10 appareils dans devices.json
2025-04-28 00:06:10,829 - gui.devices_tab - INFO - Sauvegarde de 10 appareils dans devices.json
2025-04-28 00:07:10,832 - gui.devices_tab - INFO - Sauvegarde de 10 appareils dans devices.json
2025-04-28 00:08:10,832 - gui.devices_tab - INFO - Sauvegarde de 10 appareils dans devices.json
2025-04-28 00:09:10,830 - gui.devices_tab - INFO - Sauvegarde de 10 appareils dans devices.json
2025-04-28 00:10:10,827 - gui.devices_tab - INFO - Sauvegarde de 10 appareils dans devices.json
2025-04-28 00:11:10,827 - gui.devices_tab - INFO - Sauvegarde de 10 appareils dans devices.json
2025-04-28 00:12:10,833 - gui.devices_tab - INFO - Sauvegarde de 10 appareils dans devices.json
2025-04-28 00:13:10,829 - gui.devices_tab - INFO - Sauvegarde de 10 appareils dans devices.json
2025-04-28 00:14:10,828 - gui.devices_tab - INFO - Sauvegarde de 10 appareils dans devices.json
2025-04-28 00:15:10,831 - gui.devices_tab - INFO - Sauvegarde de 10 appareils dans devices.json
2025-04-28 00:16:10,828 - gui.devices_tab - INFO - Sauvegarde de 10 appareils dans devices.json
2025-04-28 00:17:10,840 - gui.devices_tab - INFO - Sauvegarde de 10 appareils dans devices.json
2025-04-28 00:18:10,838 - gui.devices_tab - INFO - Sauvegarde de 10 appareils dans devices.json
2025-04-28 00:19:10,837 - gui.devices_tab - INFO - Sauvegarde de 10 appareils dans devices.json
2025-04-28 00:20:10,838 - gui.devices_tab - INFO - Sauvegarde de 10 appareils dans devices.json
2025-04-28 00:21:10,836 - gui.devices_tab - INFO - Sauvegarde de 10 appareils dans devices.json
2025-04-28 00:22:10,834 - gui.devices_tab - INFO - Sauvegarde de 10 appareils dans devices.json
2025-04-28 00:23:10,839 - gui.devices_tab - INFO - Sauvegarde de 10 appareils dans devices.json
2025-04-28 00:24:10,831 - gui.devices_tab - INFO - Sauvegarde de 10 appareils dans devices.json
2025-04-28 00:25:10,830 - gui.devices_tab - INFO - Sauvegarde de 10 appareils dans devices.json
2025-04-28 00:26:10,837 - gui.devices_tab - INFO - Sauvegarde de 10 appareils dans devices.json
2025-04-28 00:27:10,831 - gui.devices_tab - INFO - Sauvegarde de 10 appareils dans devices.json
2025-04-28 00:28:10,828 - gui.devices_tab - INFO - Sauvegarde de 10 appareils dans devices.json
2025-04-28 00:29:10,838 - gui.devices_tab - INFO - Sauvegarde de 10 appareils dans devices.json
2025-04-28 00:30:10,831 - gui.devices_tab - INFO - Sauvegarde de 10 appareils dans devices.json
2025-04-28 00:31:10,832 - gui.devices_tab - INFO - Sauvegarde de 10 appareils dans devices.json
2025-04-28 00:32:10,828 - gui.devices_tab - INFO - Sauvegarde de 10 appareils dans devices.json
2025-04-28 00:33:10,838 - gui.devices_tab - INFO - Sauvegarde de 10 appareils dans devices.json
2025-04-28 00:34:10,827 - gui.devices_tab - INFO - Sauvegarde de 10 appareils dans devices.json
2025-04-28 00:35:10,832 - gui.devices_tab - INFO - Sauvegarde de 10 appareils dans devices.json
2025-04-28 00:36:10,827 - gui.devices_tab - INFO - Sauvegarde de 10 appareils dans devices.json
2025-04-28 00:37:10,839 - gui.devices_tab - INFO - Sauvegarde de 10 appareils dans devices.json
2025-04-28 00:38:10,831 - gui.devices_tab - INFO - Sauvegarde de 10 appareils dans devices.json
2025-04-28 00:39:10,827 - gui.devices_tab - INFO - Sauvegarde de 10 appareils dans devices.json
2025-04-28 00:40:10,828 - gui.devices_tab - INFO - Sauvegarde de 10 appareils dans devices.json
2025-04-28 00:41:10,839 - gui.devices_tab - INFO - Sauvegarde de 10 appareils dans devices.json
2025-04-28 00:42:10,832 - gui.devices_tab - INFO - Sauvegarde de 10 appareils dans devices.json
2025-04-28 00:43:10,835 - gui.devices_tab - INFO - Sauvegarde de 10 appareils dans devices.json
2025-04-28 00:44:10,832 - gui.devices_tab - INFO - Sauvegarde de 10 appareils dans devices.json
2025-04-28 00:45:10,833 - gui.devices_tab - INFO - Sauvegarde de 10 appareils dans devices.json
2025-04-28 00:46:10,841 - gui.devices_tab - INFO - Sauvegarde de 10 appareils dans devices.json
2025-04-28 00:47:10,849 - gui.devices_tab - INFO - Sauvegarde de 10 appareils dans devices.json
2025-04-28 00:48:10,844 - gui.devices_tab - INFO - Sauvegarde de 10 appareils dans devices.json
2025-04-28 00:49:10,846 - gui.devices_tab - INFO - Sauvegarde de 10 appareils dans devices.json
2025-04-28 00:50:10,845 - gui.devices_tab - INFO - Sauvegarde de 10 appareils dans devices.json
2025-04-28 00:51:10,854 - gui.devices_tab - INFO - Sauvegarde de 10 appareils dans devices.json
2025-04-28 00:52:10,841 - gui.devices_tab - INFO - Sauvegarde de 10 appareils dans devices.json
2025-04-28 00:53:10,845 - gui.devices_tab - INFO - Sauvegarde de 10 appareils dans devices.json
2025-04-28 00:54:10,856 - gui.devices_tab - INFO - Sauvegarde de 10 appareils dans devices.json
2025-04-28 00:55:10,846 - gui.devices_tab - INFO - Sauvegarde de 10 appareils dans devices.json
