2025-05-04 16:01:44,555 - root - INFO - Logging initialized. Log file: logs\network_scanner_20250504_160144.log
2025-05-04 16:01:44,556 - main - INFO - Starting Network Scanner & Management Tool
2025-05-04 16:01:44,557 - main - INFO - Application started by user: pc
2025-05-04 16:01:44,560 - main - INFO - Start time: 2025-05-04 15:01:44 UTC
2025-05-04 16:01:44,563 - config.settings - INFO - Settings loaded successfully
2025-05-04 16:01:44,582 - core.messaging.message_service - INFO - Message service started
2025-05-04 16:01:44,583 - core.messaging.message_server - INFO - Message server started on port 9876
2025-05-04 16:01:44,586 - core.messaging.message_server - INFO - Listening for client connections on port 9876
2025-05-04 16:01:45,054 - gui.scanner_tab - INFO - Onglet Scanner initialisé
2025-05-04 16:01:45,076 - gui.devices_tab - INFO - Chargement de 74 appareils depuis devices.json
2025-05-04 16:01:45,111 - gui.main_window - INFO - Main window initialized
2025-05-04 16:01:50,229 - gui.scanner_tab - INFO - Scan démarré: 192.168.1.0/24, type=ping, timeout=1s
2025-05-04 16:02:01,008 - gui.devices_tab - INFO - Sauvegarde de 74 appareils dans devices.json
2025-05-04 16:02:17,204 - gui.devices_tab - INFO - Sauvegarde de 74 appareils dans devices.json
2025-05-04 16:02:27,320 - gui.devices_tab - INFO - Sauvegarde de 74 appareils dans devices.json
2025-05-04 16:02:41,359 - gui.scanner_tab - INFO - Scan terminé: 3 appareils trouvés
2025-05-04 16:02:45,066 - gui.devices_tab - INFO - Sauvegarde de 74 appareils dans devices.json
2025-05-04 16:03:45,091 - gui.devices_tab - INFO - Sauvegarde de 74 appareils dans devices.json
2025-05-04 16:04:45,081 - gui.devices_tab - INFO - Sauvegarde de 74 appareils dans devices.json
2025-05-04 16:05:45,082 - gui.devices_tab - INFO - Sauvegarde de 74 appareils dans devices.json
2025-05-04 16:06:45,079 - gui.devices_tab - INFO - Sauvegarde de 74 appareils dans devices.json
2025-05-04 16:06:47,587 - core.remote.device_manager - INFO - Port 9877 closed on 192.168.1.15, error code: 10035
2025-05-04 16:06:48,090 - core.remote.device_manager - INFO - Port 9877 closed on 192.168.1.15, error code: 10035
2025-05-04 16:07:45,097 - gui.devices_tab - INFO - Sauvegarde de 74 appareils dans devices.json
2025-05-04 16:08:45,110 - gui.devices_tab - INFO - Sauvegarde de 74 appareils dans devices.json
2025-05-04 16:09:45,130 - gui.devices_tab - INFO - Sauvegarde de 74 appareils dans devices.json
2025-05-04 16:10:13,491 - core.messaging.message_service - INFO - Message service stopped
2025-05-04 16:10:13,491 - core.messaging.message_server - INFO - Message server stopped
