2025-04-28 20:59:15,072 - root - INFO - Logging initialized. Log file: logs\network_scanner_20250428_205915.log
2025-04-28 20:59:15,073 - main - INFO - Starting Network Scanner & Management Tool
2025-04-28 20:59:15,073 - main - INFO - Application started by user: pc
2025-04-28 20:59:15,076 - main - INFO - Start time: 2025-04-28 19:59:15 UTC
2025-04-28 20:59:15,088 - config.settings - INFO - Settings loaded successfully
2025-04-28 20:59:15,140 - core.messaging.message_service - INFO - Message service started
2025-04-28 20:59:15,892 - gui.scanner_tab - INFO - Onglet Scanner initialisé
2025-04-28 20:59:15,936 - gui.devices_tab - INFO - Chargement de 10 appareils depuis devices.json
2025-04-28 20:59:15,958 - gui.main_window - INFO - Main window initialized
2025-04-28 21:00:15,946 - gui.devices_tab - INFO - Sauvegarde de 10 appareils dans devices.json
2025-04-28 21:01:15,937 - gui.devices_tab - INFO - Sauvegarde de 10 appareils dans devices.json
2025-04-28 21:02:15,934 - gui.devices_tab - INFO - Sauvegarde de 10 appareils dans devices.json
2025-04-28 21:03:15,934 - gui.devices_tab - INFO - Sauvegarde de 10 appareils dans devices.json
2025-04-28 21:04:15,940 - gui.devices_tab - INFO - Sauvegarde de 10 appareils dans devices.json
2025-04-28 21:05:15,935 - gui.devices_tab - INFO - Sauvegarde de 10 appareils dans devices.json
2025-04-28 21:06:15,943 - gui.devices_tab - INFO - Sauvegarde de 10 appareils dans devices.json
2025-04-28 21:07:15,942 - gui.devices_tab - INFO - Sauvegarde de 10 appareils dans devices.json
2025-04-28 21:08:15,945 - gui.devices_tab - INFO - Sauvegarde de 10 appareils dans devices.json
2025-04-28 21:09:15,969 - gui.devices_tab - INFO - Sauvegarde de 10 appareils dans devices.json
2025-04-28 21:10:15,977 - gui.devices_tab - INFO - Sauvegarde de 10 appareils dans devices.json
2025-04-28 21:11:15,981 - gui.devices_tab - INFO - Sauvegarde de 10 appareils dans devices.json
2025-04-28 21:12:15,981 - gui.devices_tab - INFO - Sauvegarde de 10 appareils dans devices.json
2025-04-28 21:13:15,992 - gui.devices_tab - INFO - Sauvegarde de 10 appareils dans devices.json
2025-04-28 21:14:15,986 - gui.devices_tab - INFO - Sauvegarde de 10 appareils dans devices.json
2025-04-28 21:15:15,990 - gui.devices_tab - INFO - Sauvegarde de 10 appareils dans devices.json
2025-04-28 21:15:51,261 - core.messaging.message_service - INFO - Message service stopped
