2025-04-30 01:37:09,020 - root - INFO - Logging initialized. Log file: logs\network_scanner_20250430_013709.log
2025-04-30 01:37:09,020 - main - INFO - Starting Network Scanner & Management Tool
2025-04-30 01:37:09,020 - main - INFO - Application started by user: pc
2025-04-30 01:37:09,023 - main - INFO - Start time: 2025-04-30 00:37:09 UTC
2025-04-30 01:37:09,023 - config.settings - INFO - Settings loaded successfully
2025-04-30 01:37:09,038 - core.messaging.message_service - INFO - Message service started
2025-04-30 01:37:09,039 - core.messaging.message_server - INFO - Message server started on port 9876
2025-04-30 01:37:09,847 - core.messaging.message_server - INFO - Listening for client connections on port 9876
2025-04-30 01:37:09,860 - gui.scanner_tab - INFO - Onglet Scanner initialisé
2025-04-30 01:37:09,874 - gui.devices_tab - INFO - Chargement de 12 appareils depuis devices.json
2025-04-30 01:37:09,888 - gui.main_window - INFO - Main window initialized
2025-04-30 01:37:20,898 - gui.file_browser - INFO - Platform info: None
2025-04-30 01:37:20,898 - gui.file_browser - INFO - Device name: WIN8
2025-04-30 01:37:20,898 - gui.file_browser - INFO - Is Windows: True
2025-04-30 01:37:20,899 - gui.file_browser - INFO - Created downloads folder: C:\Users\pc\Documents\RemoteAgentDownloads
2025-04-30 01:37:20,899 - gui.file_browser - INFO - Using Windows paths for dropdown
2025-04-30 01:37:20,901 - gui.file_browser - INFO - Listing files in: C:\
2025-04-30 01:37:26,562 - gui.file_browser - INFO - Listing files in: C:\
2025-04-30 01:37:32,980 - gui.file_browser - INFO - Listing files in: C:\
2025-04-30 01:37:37,978 - gui.file_browser - INFO - Listing files in: C:\Users\pc\
2025-04-30 01:37:38,405 - core.messaging.message_server - INFO - Connection from 192.168.1.15:49220
2025-04-30 01:37:38,420 - core.messaging.message_server - INFO - Received command: get_client_messages from 192.168.1.15
2025-04-30 01:37:47,312 - gui.file_browser - INFO - Listing files in: C:\Users\pc\Desktop\
2025-04-30 01:37:55,741 - gui.file_browser - INFO - Listing files in: C:\Users\pc\Desktop\
2025-04-30 01:38:09,874 - gui.devices_tab - INFO - Sauvegarde de 12 appareils dans devices.json
2025-04-30 01:38:38,432 - core.messaging.message_server - INFO - Connection from 192.168.1.15:49221
2025-04-30 01:38:38,447 - core.messaging.message_server - INFO - Received command: get_client_messages from 192.168.1.15
