2025-05-07 17:01:30,574 - root - INFO - Logging initialized. Log file: logs\network_scanner_20250507_170130.log
2025-05-07 17:01:30,577 - main - INFO - Starting Network Scanner & Management Tool
2025-05-07 17:01:30,580 - main - INFO - Application started by user: pc
2025-05-07 17:01:30,591 - main - INFO - Start time: 2025-05-07 16:01:30 UTC
2025-05-07 17:01:30,593 - config.settings - INFO - Settings loaded successfully
2025-05-07 17:01:30,609 - core.messaging.message_service - INFO - Message service started
2025-05-07 17:01:30,610 - core.messaging.message_server - INFO - Message server started on port 9876
2025-05-07 17:01:30,610 - core.messaging.message_server - INFO - Listening for client connections on port 9876
2025-05-07 17:01:31,310 - gui.scanner_tab - INFO - Onglet Scanner initialisé
2025-05-07 17:01:31,333 - gui.devices_tab - INFO - Chargement de 1 appareils depuis devices.json
2025-05-07 17:01:31,393 - gui.main_window - INFO - Main window initialized
2025-05-07 17:01:54,663 - gui.scanner_tab - INFO - Scan démarré: 192.168.1.0/24, timeout=1s
2025-05-07 17:02:03,908 - gui.devices_tab - INFO - Sauvegarde de 1 appareils dans devices.json
2025-05-07 17:02:31,350 - gui.devices_tab - INFO - Sauvegarde de 1 appareils dans devices.json
2025-05-07 17:02:47,355 - gui.devices_tab - INFO - Sauvegarde de 2 appareils dans devices.json
2025-05-07 17:03:02,636 - gui.devices_tab - INFO - Sauvegarde de 3 appareils dans devices.json
2025-05-07 17:03:24,625 - gui.devices_tab - INFO - Sauvegarde de 4 appareils dans devices.json
2025-05-07 17:03:31,356 - gui.devices_tab - INFO - Sauvegarde de 4 appareils dans devices.json
2025-05-07 17:04:31,351 - gui.devices_tab - INFO - Sauvegarde de 4 appareils dans devices.json
2025-05-07 17:05:31,353 - gui.devices_tab - INFO - Sauvegarde de 4 appareils dans devices.json
2025-05-07 17:05:36,801 - gui.devices_tab - INFO - Sauvegarde de 5 appareils dans devices.json
2025-05-07 17:06:31,353 - gui.devices_tab - INFO - Sauvegarde de 5 appareils dans devices.json
2025-05-07 17:06:33,623 - core.remote.device_manager - INFO - Port 9877 closed on 192.168.1.15, error code: 10035
2025-05-07 17:06:34,338 - core.remote.device_manager - INFO - Port 9877 closed on 192.168.1.15, error code: 10035
2025-05-07 17:07:31,372 - gui.devices_tab - INFO - Sauvegarde de 5 appareils dans devices.json
2025-05-07 17:08:31,379 - gui.devices_tab - INFO - Sauvegarde de 5 appareils dans devices.json
2025-05-07 17:09:00,081 - gui.devices_tab - INFO - Sauvegarde de 6 appareils dans devices.json
2025-05-07 17:09:31,367 - gui.devices_tab - INFO - Sauvegarde de 6 appareils dans devices.json
2025-05-07 17:10:31,381 - gui.devices_tab - INFO - Sauvegarde de 6 appareils dans devices.json
2025-05-07 17:11:31,395 - gui.devices_tab - INFO - Sauvegarde de 6 appareils dans devices.json
2025-05-07 17:11:36,626 - core.remote.device_manager - INFO - Port 9877 closed on 192.168.1.15, error code: 10035
2025-05-07 17:11:37,346 - core.remote.device_manager - INFO - Port 9877 closed on 192.168.1.15, error code: 10035
2025-05-07 17:12:31,390 - gui.devices_tab - INFO - Sauvegarde de 6 appareils dans devices.json
2025-05-07 17:13:31,382 - gui.devices_tab - INFO - Sauvegarde de 6 appareils dans devices.json
2025-05-07 17:14:31,385 - gui.devices_tab - INFO - Sauvegarde de 6 appareils dans devices.json
2025-05-07 17:15:31,404 - gui.devices_tab - INFO - Sauvegarde de 6 appareils dans devices.json
2025-05-07 17:16:31,399 - gui.devices_tab - INFO - Sauvegarde de 6 appareils dans devices.json
2025-05-07 17:16:39,637 - core.remote.device_manager - INFO - Port 9877 closed on 192.168.1.15, error code: 10035
2025-05-07 17:16:40,352 - core.remote.device_manager - INFO - Port 9877 closed on 192.168.1.15, error code: 10035
2025-05-07 17:17:31,401 - gui.devices_tab - INFO - Sauvegarde de 6 appareils dans devices.json
2025-05-07 17:18:31,397 - gui.devices_tab - INFO - Sauvegarde de 6 appareils dans devices.json
2025-05-07 17:19:31,403 - gui.devices_tab - INFO - Sauvegarde de 6 appareils dans devices.json
2025-05-07 17:20:31,399 - gui.devices_tab - INFO - Sauvegarde de 6 appareils dans devices.json
2025-05-07 17:21:31,403 - gui.devices_tab - INFO - Sauvegarde de 6 appareils dans devices.json
2025-05-07 17:21:42,653 - core.remote.device_manager - INFO - Port 9877 closed on 192.168.1.15, error code: 10035
2025-05-07 17:21:43,356 - core.remote.device_manager - INFO - Port 9877 closed on 192.168.1.15, error code: 10035
