2025-04-30 17:14:45,088 - root - INFO - Logging initialized. Log file: logs\network_scanner_20250430_171445.log
2025-04-30 17:14:45,088 - main - INFO - Starting Network Scanner & Management Tool
2025-04-30 17:14:45,088 - main - INFO - Application started by user: pc
2025-04-30 17:14:45,092 - main - INFO - Start time: 2025-04-30 16:14:45 UTC
2025-04-30 17:14:45,093 - config.settings - INFO - Settings loaded successfully
2025-04-30 17:14:45,121 - core.messaging.message_service - INFO - Message service started
2025-04-30 17:14:45,123 - core.messaging.message_server - INFO - Message server started on port 9876
2025-04-30 17:14:45,587 - core.messaging.message_server - INFO - Listening for client connections on port 9876
2025-04-30 17:14:45,595 - gui.scanner_tab - INFO - Onglet Scanner initialisé
2025-04-30 17:14:45,608 - gui.devices_tab - INFO - Chargement de 12 appareils depuis devices.json
2025-04-30 17:14:45,624 - gui.main_window - INFO - Main window initialized
2025-04-30 17:15:45,611 - gui.devices_tab - INFO - Sauvegarde de 12 appareils dans devices.json
2025-04-30 17:16:45,613 - gui.devices_tab - INFO - Sauvegarde de 12 appareils dans devices.json
2025-04-30 17:17:45,612 - gui.devices_tab - INFO - Sauvegarde de 12 appareils dans devices.json
2025-04-30 17:18:33,849 - gui.scanner_tab - INFO - Scan démarré: 10.12.128.0/20, type=ping, timeout=1s
2025-04-30 17:18:45,614 - gui.devices_tab - INFO - Sauvegarde de 12 appareils dans devices.json
2025-04-30 17:18:49,751 - gui.devices_tab - INFO - Sauvegarde de 13 appareils dans devices.json
2025-04-30 17:19:12,220 - gui.devices_tab - INFO - Sauvegarde de 14 appareils dans devices.json
2025-04-30 17:19:45,603 - gui.devices_tab - INFO - Sauvegarde de 14 appareils dans devices.json
2025-04-30 17:19:48,135 - core.remote.device_manager - INFO - Port 9877 closed on 192.168.1.15, error code: 10035
2025-04-30 17:19:48,612 - core.remote.device_manager - INFO - Port 9877 closed on 192.168.1.15, error code: 10035
2025-04-30 17:20:45,615 - gui.devices_tab - INFO - Sauvegarde de 14 appareils dans devices.json
2025-04-30 17:21:45,607 - gui.devices_tab - INFO - Sauvegarde de 14 appareils dans devices.json
2025-04-30 17:22:45,607 - gui.devices_tab - INFO - Sauvegarde de 14 appareils dans devices.json
2025-04-30 17:23:45,610 - gui.devices_tab - INFO - Sauvegarde de 14 appareils dans devices.json
2025-04-30 17:23:57,040 - gui.devices_tab - INFO - Sauvegarde de 15 appareils dans devices.json
2025-04-30 17:24:21,460 - gui.devices_tab - INFO - Sauvegarde de 16 appareils dans devices.json
2025-04-30 17:24:45,603 - gui.devices_tab - INFO - Sauvegarde de 16 appareils dans devices.json
2025-04-30 17:24:51,137 - core.remote.device_manager - INFO - Port 9877 closed on 192.168.1.15, error code: 10035
2025-04-30 17:24:51,615 - core.remote.device_manager - INFO - Port 9877 closed on 192.168.1.15, error code: 10035
2025-04-30 17:24:52,978 - gui.devices_tab - INFO - Sauvegarde de 17 appareils dans devices.json
2025-04-30 17:25:45,608 - gui.devices_tab - INFO - Sauvegarde de 17 appareils dans devices.json
2025-04-30 17:25:52,473 - gui.devices_tab - INFO - Sauvegarde de 18 appareils dans devices.json
2025-04-30 17:26:38,006 - gui.devices_tab - INFO - Sauvegarde de 19 appareils dans devices.json
2025-04-30 17:26:45,609 - gui.devices_tab - INFO - Sauvegarde de 19 appareils dans devices.json
2025-04-30 17:27:02,525 - gui.devices_tab - INFO - Sauvegarde de 20 appareils dans devices.json
2025-04-30 17:27:41,001 - gui.devices_tab - INFO - Sauvegarde de 21 appareils dans devices.json
2025-04-30 17:27:45,608 - gui.devices_tab - INFO - Sauvegarde de 21 appareils dans devices.json
2025-04-30 17:28:19,494 - gui.devices_tab - INFO - Sauvegarde de 22 appareils dans devices.json
2025-04-30 17:28:45,603 - gui.devices_tab - INFO - Sauvegarde de 22 appareils dans devices.json
2025-04-30 17:28:50,989 - gui.devices_tab - INFO - Sauvegarde de 23 appareils dans devices.json
2025-04-30 17:29:36,475 - gui.devices_tab - INFO - Sauvegarde de 24 appareils dans devices.json
2025-04-30 17:29:45,605 - gui.devices_tab - INFO - Sauvegarde de 24 appareils dans devices.json
2025-04-30 17:29:54,140 - core.remote.device_manager - INFO - Port 9877 closed on 192.168.1.15, error code: 10035
2025-04-30 17:29:54,617 - core.remote.device_manager - INFO - Port 9877 closed on 192.168.1.15, error code: 10035
2025-04-30 17:30:43,017 - gui.devices_tab - INFO - Sauvegarde de 25 appareils dans devices.json
2025-04-30 17:30:45,605 - gui.devices_tab - INFO - Sauvegarde de 25 appareils dans devices.json
2025-04-30 17:31:45,612 - gui.devices_tab - INFO - Sauvegarde de 25 appareils dans devices.json
2025-04-30 17:32:17,558 - gui.devices_tab - INFO - Sauvegarde de 26 appareils dans devices.json
2025-04-30 17:32:45,605 - gui.devices_tab - INFO - Sauvegarde de 26 appareils dans devices.json
2025-04-30 17:32:56,191 - gui.devices_tab - INFO - Sauvegarde de 27 appareils dans devices.json
2025-04-30 17:33:45,605 - gui.devices_tab - INFO - Sauvegarde de 27 appareils dans devices.json
2025-04-30 17:33:48,496 - gui.devices_tab - INFO - Sauvegarde de 28 appareils dans devices.json
2025-04-30 17:34:26,961 - gui.devices_tab - INFO - Sauvegarde de 29 appareils dans devices.json
2025-04-30 17:34:45,610 - gui.devices_tab - INFO - Sauvegarde de 29 appareils dans devices.json
2025-04-30 17:34:57,143 - core.remote.device_manager - INFO - Port 9877 closed on 192.168.1.15, error code: 10035
2025-04-30 17:34:57,620 - core.remote.device_manager - INFO - Port 9877 closed on 192.168.1.15, error code: 10035
2025-04-30 17:35:26,467 - gui.devices_tab - INFO - Sauvegarde de 30 appareils dans devices.json
2025-04-30 17:35:45,605 - gui.devices_tab - INFO - Sauvegarde de 30 appareils dans devices.json
2025-04-30 17:36:04,949 - gui.devices_tab - INFO - Sauvegarde de 31 appareils dans devices.json
2025-04-30 17:36:45,607 - gui.devices_tab - INFO - Sauvegarde de 31 appareils dans devices.json
2025-04-30 17:37:18,500 - gui.devices_tab - INFO - Sauvegarde de 32 appareils dans devices.json
2025-04-30 17:37:45,606 - gui.devices_tab - INFO - Sauvegarde de 32 appareils dans devices.json
2025-04-30 17:38:03,991 - gui.devices_tab - INFO - Sauvegarde de 33 appareils dans devices.json
2025-04-30 17:38:28,516 - gui.devices_tab - INFO - Sauvegarde de 34 appareils dans devices.json
2025-04-30 17:38:45,614 - gui.devices_tab - INFO - Sauvegarde de 34 appareils dans devices.json
2025-04-30 17:38:53,056 - gui.devices_tab - INFO - Sauvegarde de 35 appareils dans devices.json
2025-04-30 17:39:24,605 - gui.devices_tab - INFO - Sauvegarde de 36 appareils dans devices.json
2025-04-30 17:39:45,606 - gui.devices_tab - INFO - Sauvegarde de 36 appareils dans devices.json
2025-04-30 17:39:48,996 - gui.devices_tab - INFO - Sauvegarde de 37 appareils dans devices.json
2025-04-30 17:40:00,146 - core.remote.device_manager - INFO - Port 9877 closed on 192.168.1.15, error code: 10035
2025-04-30 17:40:00,623 - core.remote.device_manager - INFO - Port 9877 closed on 192.168.1.15, error code: 10035
2025-04-30 17:40:42,920 - gui.devices_tab - INFO - Sauvegarde de 38 appareils dans devices.json
2025-04-30 17:40:45,607 - gui.devices_tab - INFO - Sauvegarde de 38 appareils dans devices.json
2025-04-30 17:41:07,446 - gui.devices_tab - INFO - Sauvegarde de 39 appareils dans devices.json
2025-04-30 17:41:32,156 - gui.devices_tab - INFO - Sauvegarde de 40 appareils dans devices.json
2025-04-30 17:41:45,611 - gui.devices_tab - INFO - Sauvegarde de 40 appareils dans devices.json
2025-04-30 17:42:17,536 - gui.devices_tab - INFO - Sauvegarde de 41 appareils dans devices.json
2025-04-30 17:42:45,608 - gui.devices_tab - INFO - Sauvegarde de 41 appareils dans devices.json
2025-04-30 17:42:56,009 - gui.devices_tab - INFO - Sauvegarde de 42 appareils dans devices.json
2025-04-30 17:43:20,529 - gui.devices_tab - INFO - Sauvegarde de 43 appareils dans devices.json
2025-04-30 17:43:45,612 - gui.devices_tab - INFO - Sauvegarde de 43 appareils dans devices.json
2025-04-30 17:44:05,999 - gui.devices_tab - INFO - Sauvegarde de 44 appareils dans devices.json
2025-04-30 17:44:45,605 - gui.devices_tab - INFO - Sauvegarde de 44 appareils dans devices.json
2025-04-30 17:45:03,149 - core.remote.device_manager - INFO - Port 9877 closed on 192.168.1.15, error code: 10035
2025-04-30 17:45:03,626 - core.remote.device_manager - INFO - Port 9877 closed on 192.168.1.15, error code: 10035
2025-04-30 17:45:15,578 - gui.devices_tab - INFO - Sauvegarde de 45 appareils dans devices.json
2025-04-30 17:45:45,607 - gui.devices_tab - INFO - Sauvegarde de 45 appareils dans devices.json
2025-04-30 17:45:47,000 - gui.devices_tab - INFO - Sauvegarde de 46 appareils dans devices.json
2025-04-30 17:46:12,922 - gui.devices_tab - INFO - Sauvegarde de 47 appareils dans devices.json
2025-04-30 17:46:45,606 - gui.devices_tab - INFO - Sauvegarde de 47 appareils dans devices.json
2025-04-30 17:47:05,513 - gui.devices_tab - INFO - Sauvegarde de 48 appareils dans devices.json
2025-04-30 17:47:29,987 - gui.devices_tab - INFO - Sauvegarde de 49 appareils dans devices.json
2025-04-30 17:47:45,606 - gui.devices_tab - INFO - Sauvegarde de 49 appareils dans devices.json
2025-04-30 17:48:45,604 - gui.devices_tab - INFO - Sauvegarde de 49 appareils dans devices.json
2025-04-30 17:49:11,503 - gui.devices_tab - INFO - Sauvegarde de 50 appareils dans devices.json
2025-04-30 17:49:45,609 - gui.devices_tab - INFO - Sauvegarde de 50 appareils dans devices.json
2025-04-30 17:49:57,005 - gui.devices_tab - INFO - Sauvegarde de 51 appareils dans devices.json
2025-04-30 17:50:06,151 - core.remote.device_manager - INFO - Port 9877 closed on 192.168.1.15, error code: 10035
2025-04-30 17:50:06,628 - core.remote.device_manager - INFO - Port 9877 closed on 192.168.1.15, error code: 10035
2025-04-30 17:50:21,490 - gui.devices_tab - INFO - Sauvegarde de 52 appareils dans devices.json
2025-04-30 17:50:45,606 - gui.devices_tab - INFO - Sauvegarde de 52 appareils dans devices.json
2025-04-30 17:51:13,954 - gui.devices_tab - INFO - Sauvegarde de 53 appareils dans devices.json
2025-04-30 17:51:45,469 - gui.devices_tab - INFO - Sauvegarde de 54 appareils dans devices.json
2025-04-30 17:51:45,606 - gui.devices_tab - INFO - Sauvegarde de 54 appareils dans devices.json
2025-04-30 17:52:45,208 - gui.devices_tab - INFO - Sauvegarde de 55 appareils dans devices.json
2025-04-30 17:52:45,606 - gui.devices_tab - INFO - Sauvegarde de 55 appareils dans devices.json
2025-04-30 17:53:30,723 - gui.devices_tab - INFO - Sauvegarde de 56 appareils dans devices.json
2025-04-30 17:53:45,607 - gui.devices_tab - INFO - Sauvegarde de 56 appareils dans devices.json
2025-04-30 17:54:16,009 - gui.devices_tab - INFO - Sauvegarde de 57 appareils dans devices.json
2025-04-30 17:54:45,605 - gui.devices_tab - INFO - Sauvegarde de 57 appareils dans devices.json
2025-04-30 17:54:47,518 - gui.devices_tab - INFO - Sauvegarde de 58 appareils dans devices.json
2025-04-30 17:55:09,155 - core.remote.device_manager - INFO - Port 9877 closed on 192.168.1.15, error code: 10035
2025-04-30 17:55:09,630 - core.remote.device_manager - INFO - Port 9877 closed on 192.168.1.15, error code: 10035
2025-04-30 17:55:26,178 - gui.devices_tab - INFO - Sauvegarde de 59 appareils dans devices.json
2025-04-30 17:55:45,613 - gui.devices_tab - INFO - Sauvegarde de 59 appareils dans devices.json
2025-04-30 17:56:11,560 - gui.devices_tab - INFO - Sauvegarde de 60 appareils dans devices.json
2025-04-30 17:56:45,613 - gui.devices_tab - INFO - Sauvegarde de 60 appareils dans devices.json
2025-04-30 17:56:50,006 - gui.devices_tab - INFO - Sauvegarde de 61 appareils dans devices.json
2025-04-30 17:57:14,499 - gui.devices_tab - INFO - Sauvegarde de 62 appareils dans devices.json
2025-04-30 17:57:45,605 - gui.devices_tab - INFO - Sauvegarde de 62 appareils dans devices.json
2025-04-30 17:58:00,026 - gui.devices_tab - INFO - Sauvegarde de 63 appareils dans devices.json
2025-04-30 17:58:45,613 - gui.devices_tab - INFO - Sauvegarde de 63 appareils dans devices.json
2025-04-30 17:58:52,481 - gui.devices_tab - INFO - Sauvegarde de 64 appareils dans devices.json
2025-04-30 17:59:45,605 - gui.devices_tab - INFO - Sauvegarde de 64 appareils dans devices.json
2025-04-30 17:59:51,998 - gui.devices_tab - INFO - Sauvegarde de 65 appareils dans devices.json
2025-04-30 18:00:12,157 - core.remote.device_manager - INFO - Port 9877 closed on 192.168.1.15, error code: 10035
2025-04-30 18:00:12,633 - core.remote.device_manager - INFO - Port 9877 closed on 192.168.1.15, error code: 10035
2025-04-30 18:00:45,606 - gui.devices_tab - INFO - Sauvegarde de 65 appareils dans devices.json
2025-04-30 18:00:51,426 - gui.devices_tab - INFO - Sauvegarde de 66 appareils dans devices.json
2025-04-30 18:01:22,994 - gui.devices_tab - INFO - Sauvegarde de 67 appareils dans devices.json
2025-04-30 18:01:45,608 - gui.devices_tab - INFO - Sauvegarde de 67 appareils dans devices.json
2025-04-30 18:02:15,528 - gui.devices_tab - INFO - Sauvegarde de 68 appareils dans devices.json
2025-04-30 18:02:45,612 - gui.devices_tab - INFO - Sauvegarde de 68 appareils dans devices.json
2025-04-30 18:03:01,187 - gui.devices_tab - INFO - Sauvegarde de 69 appareils dans devices.json
2025-04-30 18:03:25,533 - gui.devices_tab - INFO - Sauvegarde de 70 appareils dans devices.json
2025-04-30 18:03:45,606 - gui.devices_tab - INFO - Sauvegarde de 70 appareils dans devices.json
2025-04-30 18:04:04,056 - gui.devices_tab - INFO - Sauvegarde de 71 appareils dans devices.json
2025-04-30 18:04:28,471 - gui.devices_tab - INFO - Sauvegarde de 72 appareils dans devices.json
2025-04-30 18:04:45,607 - gui.devices_tab - INFO - Sauvegarde de 72 appareils dans devices.json
2025-04-30 18:05:15,159 - core.remote.device_manager - INFO - Port 9877 closed on 192.168.1.15, error code: 10035
2025-04-30 18:05:15,635 - core.remote.device_manager - INFO - Port 9877 closed on 192.168.1.15, error code: 10035
2025-04-30 18:05:27,996 - gui.devices_tab - INFO - Sauvegarde de 73 appareils dans devices.json
2025-04-30 18:05:27,997 - gui.scanner_tab - INFO - Scan terminé: 61 appareils trouvés
2025-04-30 18:05:45,608 - gui.devices_tab - INFO - Sauvegarde de 73 appareils dans devices.json
2025-04-30 18:05:54,021 - gui.scanner_tab - INFO - Scan démarré: 192.168.1.0/24, type=ping, timeout=1s
2025-04-30 18:06:14,893 - gui.scanner_tab - INFO - Scan terminé: 0 appareils trouvés
2025-04-30 18:06:18,775 - gui.scanner_tab - INFO - Scan démarré: 192.168.1.0/24, type=nmap, timeout=1s
2025-04-30 18:06:45,614 - gui.devices_tab - INFO - Sauvegarde de 73 appareils dans devices.json
2025-04-30 18:07:45,611 - gui.devices_tab - INFO - Sauvegarde de 73 appareils dans devices.json
2025-04-30 18:08:45,604 - gui.devices_tab - INFO - Sauvegarde de 73 appareils dans devices.json
2025-04-30 18:09:45,608 - gui.devices_tab - INFO - Sauvegarde de 73 appareils dans devices.json
2025-04-30 18:09:52,895 - gui.scanner_tab - INFO - Scan terminé: 0 appareils trouvés
2025-04-30 18:10:18,162 - core.remote.device_manager - INFO - Port 9877 closed on 192.168.1.15, error code: 10035
2025-04-30 18:10:18,648 - core.remote.device_manager - INFO - Port 9877 closed on 192.168.1.15, error code: 10035
2025-04-30 18:10:45,617 - gui.devices_tab - INFO - Sauvegarde de 73 appareils dans devices.json
2025-04-30 18:11:45,614 - gui.devices_tab - INFO - Sauvegarde de 73 appareils dans devices.json
2025-04-30 18:12:45,619 - gui.devices_tab - INFO - Sauvegarde de 73 appareils dans devices.json
2025-04-30 18:13:45,616 - gui.devices_tab - INFO - Sauvegarde de 73 appareils dans devices.json
2025-04-30 18:14:45,623 - gui.devices_tab - INFO - Sauvegarde de 73 appareils dans devices.json
2025-04-30 18:15:21,171 - core.remote.device_manager - INFO - Port 9877 closed on 192.168.1.15, error code: 10035
2025-04-30 18:15:21,655 - core.remote.device_manager - INFO - Port 9877 closed on 192.168.1.15, error code: 10035
2025-04-30 18:15:45,628 - gui.devices_tab - INFO - Sauvegarde de 73 appareils dans devices.json
2025-04-30 18:16:45,645 - gui.devices_tab - INFO - Sauvegarde de 73 appareils dans devices.json
2025-04-30 18:17:45,650 - gui.devices_tab - INFO - Sauvegarde de 73 appareils dans devices.json
2025-04-30 18:18:45,658 - gui.devices_tab - INFO - Sauvegarde de 73 appareils dans devices.json
2025-04-30 18:19:45,666 - gui.devices_tab - INFO - Sauvegarde de 73 appareils dans devices.json
2025-04-30 18:20:24,180 - core.remote.device_manager - INFO - Port 9877 closed on 192.168.1.15, error code: 10035
2025-04-30 18:20:24,672 - core.remote.device_manager - INFO - Port 9877 closed on 192.168.1.15, error code: 10035
2025-04-30 18:20:45,662 - gui.devices_tab - INFO - Sauvegarde de 73 appareils dans devices.json
2025-04-30 18:21:45,653 - gui.devices_tab - INFO - Sauvegarde de 73 appareils dans devices.json
2025-04-30 18:22:45,652 - gui.devices_tab - INFO - Sauvegarde de 73 appareils dans devices.json
2025-04-30 18:23:45,667 - gui.devices_tab - INFO - Sauvegarde de 73 appareils dans devices.json
2025-04-30 18:24:45,661 - gui.devices_tab - INFO - Sauvegarde de 73 appareils dans devices.json
2025-04-30 18:25:27,195 - core.remote.device_manager - INFO - Port 9877 closed on 192.168.1.15, error code: 10035
2025-04-30 18:25:27,684 - core.remote.device_manager - INFO - Port 9877 closed on 192.168.1.15, error code: 10035
2025-04-30 18:25:45,660 - gui.devices_tab - INFO - Sauvegarde de 73 appareils dans devices.json
2025-04-30 18:26:45,655 - gui.devices_tab - INFO - Sauvegarde de 73 appareils dans devices.json
2025-04-30 18:27:45,683 - gui.devices_tab - INFO - Sauvegarde de 73 appareils dans devices.json
2025-04-30 18:28:45,685 - gui.devices_tab - INFO - Sauvegarde de 73 appareils dans devices.json
2025-04-30 18:29:45,681 - gui.devices_tab - INFO - Sauvegarde de 73 appareils dans devices.json
2025-04-30 18:30:30,210 - core.remote.device_manager - INFO - Port 9877 closed on 192.168.1.15, error code: 10035
2025-04-30 18:30:30,700 - core.remote.device_manager - INFO - Port 9877 closed on 192.168.1.15, error code: 10035
2025-04-30 18:30:45,685 - gui.devices_tab - INFO - Sauvegarde de 73 appareils dans devices.json
2025-04-30 18:31:45,709 - gui.devices_tab - INFO - Sauvegarde de 73 appareils dans devices.json
2025-04-30 18:32:45,706 - gui.devices_tab - INFO - Sauvegarde de 73 appareils dans devices.json
2025-04-30 18:33:45,712 - gui.devices_tab - INFO - Sauvegarde de 73 appareils dans devices.json
2025-04-30 18:34:45,714 - gui.devices_tab - INFO - Sauvegarde de 73 appareils dans devices.json
2025-04-30 18:35:33,218 - core.remote.device_manager - INFO - Port 9877 closed on 192.168.1.15, error code: 10035
2025-04-30 18:35:33,704 - core.remote.device_manager - INFO - Port 9877 closed on 192.168.1.15, error code: 10035
2025-04-30 18:35:45,711 - gui.devices_tab - INFO - Sauvegarde de 73 appareils dans devices.json
