2025-04-28 14:48:46,309 - root - INFO - Logging initialized. Log file: logs\network_scanner_20250428_144846.log
2025-04-28 14:48:46,310 - main - INFO - Starting Network Scanner & Management Tool
2025-04-28 14:48:46,310 - main - INFO - Application started by user: pc
2025-04-28 14:48:46,312 - main - INFO - Start time: 2025-04-28 13:48:46 UTC
2025-04-28 14:48:46,325 - config.settings - INFO - Settings loaded successfully
2025-04-28 14:48:46,640 - gui.scanner_tab - INFO - Onglet Scanner initialisé
2025-04-28 14:48:46,668 - gui.devices_tab - INFO - Chargement de 10 appareils depuis devices.json
2025-04-28 14:48:46,682 - gui.main_window - INFO - Main window initialized
2025-04-28 14:49:46,664 - gui.devices_tab - INFO - Sauvegarde de 10 appareils dans devices.json
2025-04-28 14:50:46,659 - gui.devices_tab - INFO - Sauvegarde de 10 appareils dans devices.json
2025-04-28 14:51:46,650 - gui.devices_tab - INFO - Sauvegarde de 10 appareils dans devices.json
2025-04-28 14:52:46,670 - gui.devices_tab - INFO - Sauvegarde de 10 appareils dans devices.json
2025-04-28 14:53:46,667 - gui.devices_tab - INFO - Sauvegarde de 10 appareils dans devices.json
2025-04-28 14:54:46,667 - gui.devices_tab - INFO - Sauvegarde de 10 appareils dans devices.json
2025-04-28 14:55:46,683 - gui.devices_tab - INFO - Sauvegarde de 10 appareils dans devices.json
2025-04-28 14:56:46,703 - gui.devices_tab - INFO - Sauvegarde de 10 appareils dans devices.json
2025-04-28 14:57:46,701 - gui.devices_tab - INFO - Sauvegarde de 10 appareils dans devices.json
2025-04-28 14:58:46,715 - gui.devices_tab - INFO - Sauvegarde de 10 appareils dans devices.json
2025-04-28 14:59:46,727 - gui.devices_tab - INFO - Sauvegarde de 10 appareils dans devices.json
2025-04-28 15:00:46,751 - gui.devices_tab - INFO - Sauvegarde de 10 appareils dans devices.json
