2025-05-07 16:38:38,928 - root - INFO - Logging initialized. Log file: logs\network_scanner_20250507_163838.log
2025-05-07 16:38:38,929 - main - INFO - Starting Network Scanner & Management Tool
2025-05-07 16:38:38,929 - main - INFO - Application started by user: pc
2025-05-07 16:38:38,934 - main - INFO - Start time: 2025-05-07 15:38:38 UTC
2025-05-07 16:38:38,946 - config.settings - INFO - Settings loaded successfully
2025-05-07 16:38:38,965 - core.messaging.message_service - INFO - Message service started
2025-05-07 16:38:38,966 - core.messaging.message_server - INFO - Message server started on port 9876
2025-05-07 16:38:38,967 - core.messaging.message_server - INFO - Listening for client connections on port 9876
2025-05-07 16:38:40,051 - gui.scanner_tab - INFO - Onglet Scanner initialisé
2025-05-07 16:38:40,070 - gui.devices_tab - INFO - Chargement de 87 appareils depuis devices.json
2025-05-07 16:38:40,133 - gui.main_window - INFO - Main window initialized
2025-05-07 16:39:40,056 - gui.devices_tab - INFO - Sauvegarde de 87 appareils dans devices.json
2025-05-07 16:40:40,075 - gui.devices_tab - INFO - Sauvegarde de 87 appareils dans devices.json
2025-05-07 16:41:40,079 - gui.devices_tab - INFO - Sauvegarde de 87 appareils dans devices.json
2025-05-07 16:42:40,076 - gui.devices_tab - INFO - Sauvegarde de 87 appareils dans devices.json
2025-05-07 16:43:40,098 - gui.devices_tab - INFO - Sauvegarde de 87 appareils dans devices.json
2025-05-07 16:43:41,974 - core.remote.device_manager - INFO - Port 9877 closed on 192.168.1.15, error code: 10035
2025-05-07 16:43:43,081 - core.remote.device_manager - INFO - Port 9877 closed on 192.168.1.15, error code: 10035
2025-05-07 16:44:40,115 - gui.devices_tab - INFO - Sauvegarde de 87 appareils dans devices.json
2025-05-07 16:45:40,113 - gui.devices_tab - INFO - Sauvegarde de 87 appareils dans devices.json
2025-05-07 16:46:40,105 - gui.devices_tab - INFO - Sauvegarde de 87 appareils dans devices.json
2025-05-07 16:47:40,107 - gui.devices_tab - INFO - Sauvegarde de 87 appareils dans devices.json
2025-05-07 16:48:40,124 - gui.devices_tab - INFO - Sauvegarde de 87 appareils dans devices.json
2025-05-07 16:48:44,978 - core.remote.device_manager - INFO - Port 9877 closed on 192.168.1.15, error code: 10035
2025-05-07 16:48:46,095 - core.remote.device_manager - INFO - Port 9877 closed on 192.168.1.15, error code: 10035
2025-05-07 16:49:40,126 - gui.devices_tab - INFO - Sauvegarde de 87 appareils dans devices.json
2025-05-07 16:50:40,126 - gui.devices_tab - INFO - Sauvegarde de 87 appareils dans devices.json
2025-05-07 16:50:53,474 - core.messaging.message_service - INFO - Message service stopped
2025-05-07 16:50:53,475 - core.messaging.message_server - INFO - Message server stopped
