2025-04-29 13:28:18,158 - root - INFO - Logging initialized. Log file: logs\network_scanner_20250429_132818.log
2025-04-29 13:28:18,158 - main - INFO - Starting Network Scanner & Management Tool
2025-04-29 13:28:18,158 - main - INFO - Application started by user: pc
2025-04-29 13:28:18,161 - main - INFO - Start time: 2025-04-29 12:28:18 UTC
2025-04-29 13:28:18,171 - config.settings - INFO - Settings loaded successfully
2025-04-29 13:28:18,187 - core.messaging.message_service - INFO - Message service started
2025-04-29 13:28:18,188 - core.messaging.message_server - INFO - Message server started on port 9876
2025-04-29 13:28:18,890 - core.messaging.message_server - INFO - Listening for client connections on port 9876
2025-04-29 13:28:18,903 - gui.scanner_tab - INFO - Onglet Scanner initialisé
2025-04-29 13:28:18,933 - gui.devices_tab - INFO - Chargement de 12 appareils depuis devices.json
2025-04-29 13:28:18,952 - gui.main_window - INFO - Main window initialized
2025-04-29 13:29:18,954 - gui.devices_tab - INFO - Sauvegarde de 12 appareils dans devices.json
2025-04-29 13:30:18,952 - gui.devices_tab - INFO - Sauvegarde de 12 appareils dans devices.json
2025-04-29 13:31:18,961 - gui.devices_tab - INFO - Sauvegarde de 12 appareils dans devices.json
2025-04-29 13:32:18,952 - gui.devices_tab - INFO - Sauvegarde de 12 appareils dans devices.json
2025-04-29 13:33:18,965 - gui.devices_tab - INFO - Sauvegarde de 12 appareils dans devices.json
2025-04-29 13:33:20,244 - core.remote.device_manager - INFO - Port 9877 closed on 192.168.1.15, error code: 10061
2025-04-29 13:33:20,999 - core.remote.device_manager - INFO - Port 9877 closed on 192.168.1.15, error code: 10061
2025-04-29 13:34:18,981 - gui.devices_tab - INFO - Sauvegarde de 12 appareils dans devices.json
2025-04-29 13:35:18,992 - gui.devices_tab - INFO - Sauvegarde de 12 appareils dans devices.json
2025-04-29 13:36:19,002 - gui.devices_tab - INFO - Sauvegarde de 12 appareils dans devices.json
2025-04-29 13:37:19,003 - gui.devices_tab - INFO - Sauvegarde de 12 appareils dans devices.json
2025-04-29 13:38:19,004 - gui.devices_tab - INFO - Sauvegarde de 12 appareils dans devices.json
2025-04-29 13:38:22,268 - core.remote.device_manager - INFO - Port 9877 closed on 192.168.1.15, error code: 10061
2025-04-29 13:38:23,035 - core.remote.device_manager - INFO - Port 9877 closed on 192.168.1.15, error code: 10061
2025-04-29 13:39:18,998 - gui.devices_tab - INFO - Sauvegarde de 12 appareils dans devices.json
2025-04-29 13:40:19,013 - gui.devices_tab - INFO - Sauvegarde de 12 appareils dans devices.json
2025-04-29 13:41:19,023 - gui.devices_tab - INFO - Sauvegarde de 12 appareils dans devices.json
2025-04-29 13:42:19,160 - gui.devices_tab - INFO - Sauvegarde de 12 appareils dans devices.json
