2025-04-30 01:47:01,783 - root - INFO - Logging initialized. Log file: logs\network_scanner_20250430_014701.log
2025-04-30 01:47:01,784 - main - INFO - Starting Network Scanner & Management Tool
2025-04-30 01:47:01,784 - main - INFO - Application started by user: pc
2025-04-30 01:47:01,786 - main - INFO - Start time: 2025-04-30 00:47:01 UTC
2025-04-30 01:47:01,787 - config.settings - INFO - Settings loaded successfully
2025-04-30 01:47:01,802 - core.messaging.message_service - INFO - Message service started
2025-04-30 01:47:01,803 - core.messaging.message_server - INFO - Message server started on port 9876
2025-04-30 01:47:02,306 - core.messaging.message_server - INFO - Listening for client connections on port 9876
2025-04-30 01:47:02,322 - gui.scanner_tab - INFO - Onglet Scanner initialisé
2025-04-30 01:47:02,350 - gui.devices_tab - INFO - Chargement de 12 appareils depuis devices.json
2025-04-30 01:47:02,376 - gui.main_window - INFO - Main window initialized
2025-04-30 01:47:08,459 - gui.remote_tab - INFO - Getting performance metrics for device: 192.168.1.15:9877
2025-04-30 01:47:08,497 - core.remote.device_manager - INFO - Device 192.168.1.15:9877 OS: 'uname' is not recognized as an internal or external command,
operable program or batch file.

2025-04-30 01:47:08,553 - gui.remote_tab - INFO - Performance data received: {'cpu': {'usage_percent': 0}, 'memory': {'total_bytes': 0, 'free_bytes': 0, 'used_bytes': 0, 'usage_percent': 0}, 'disk': [{'device': 'Unknown', 'total_bytes': 0, 'free_bytes': 0, 'used_bytes': 0, 'usage_percent': 0}]}
2025-04-30 01:47:08,554 - gui.remote_tab - INFO - Performance data formatted successfully
2025-04-30 01:48:02,346 - gui.devices_tab - INFO - Sauvegarde de 12 appareils dans devices.json
2025-04-30 01:49:02,366 - gui.devices_tab - INFO - Sauvegarde de 12 appareils dans devices.json
2025-04-30 01:50:02,382 - gui.devices_tab - INFO - Sauvegarde de 12 appareils dans devices.json
2025-04-30 01:51:02,394 - gui.devices_tab - INFO - Sauvegarde de 12 appareils dans devices.json
