2025-04-30 01:12:34,022 - root - INFO - Logging initialized. Log file: logs\network_scanner_20250430_011234.log
2025-04-30 01:12:34,022 - main - INFO - Starting Network Scanner & Management Tool
2025-04-30 01:12:34,022 - main - INFO - Application started by user: pc
2025-04-30 01:12:34,024 - main - INFO - Start time: 2025-04-30 00:12:34 UTC
2025-04-30 01:12:34,025 - config.settings - INFO - Settings loaded successfully
2025-04-30 01:12:34,036 - core.messaging.message_service - INFO - Message service started
2025-04-30 01:12:34,037 - core.messaging.message_server - INFO - Message server started on port 9876
2025-04-30 01:12:34,545 - core.messaging.message_server - INFO - Listening for client connections on port 9876
2025-04-30 01:12:34,555 - gui.scanner_tab - INFO - Onglet Scanner initialisé
2025-04-30 01:12:34,571 - gui.devices_tab - INFO - Chargement de 12 appareils depuis devices.json
2025-04-30 01:12:34,588 - gui.main_window - INFO - Main window initialized
2025-04-30 01:12:38,841 - gui.file_browser - INFO - Platform info: None
2025-04-30 01:12:38,841 - gui.file_browser - INFO - Device name: WIN8
2025-04-30 01:12:38,841 - gui.file_browser - INFO - Is Windows: True
2025-04-30 01:12:38,842 - gui.file_browser - INFO - Using Windows paths for dropdown
2025-04-30 01:12:38,844 - gui.file_browser - INFO - Listing files in: C:\
2025-04-30 01:12:38,882 - gui.file_browser - INFO - Windows dir command result: The filename, directory name or volume label syntax is incorrect.

2025-04-30 01:12:41,932 - gui.file_browser - INFO - Listing files in: C:\
2025-04-30 01:12:41,956 - gui.file_browser - INFO - Windows dir command result: The filename, directory name or volume label syntax is incorrect.

2025-04-30 01:12:43,049 - gui.file_browser - INFO - Listing files in: C:\Program Files\
2025-04-30 01:12:43,065 - gui.file_browser - INFO - Windows dir command result: The filename, directory name or volume label syntax is incorrect.

2025-04-30 01:12:50,257 - gui.file_browser - INFO - Listing files in: C:\Program Files\
2025-04-30 01:12:50,274 - gui.file_browser - INFO - Windows dir command result: The filename, directory name or volume label syntax is incorrect.

2025-04-30 01:12:53,339 - gui.file_browser - INFO - Listing files in: C:\Program Files\
2025-04-30 01:12:53,358 - gui.file_browser - INFO - Windows dir command result: The filename, directory name or volume label syntax is incorrect.

2025-04-30 01:12:54,313 - gui.file_browser - INFO - Listing files in: C:\Users\
2025-04-30 01:12:54,329 - gui.file_browser - INFO - Windows dir command result: The filename, directory name or volume label syntax is incorrect.

2025-04-30 01:13:02,481 - gui.file_browser - INFO - Listing files in: C:\Users\
2025-04-30 01:13:02,502 - gui.file_browser - INFO - Windows dir command result: The filename, directory name or volume label syntax is incorrect.

2025-04-30 01:13:03,041 - gui.file_browser - INFO - Listing files in: C:\Users\
2025-04-30 01:13:03,057 - gui.file_browser - INFO - Windows dir command result: The filename, directory name or volume label syntax is incorrect.

2025-04-30 01:13:03,225 - gui.file_browser - INFO - Listing files in: C:\Users\
2025-04-30 01:13:03,246 - gui.file_browser - INFO - Windows dir command result: The filename, directory name or volume label syntax is incorrect.

2025-04-30 01:13:03,506 - gui.file_browser - INFO - Listing files in: C:\Users\
2025-04-30 01:13:03,522 - gui.file_browser - INFO - Windows dir command result: The filename, directory name or volume label syntax is incorrect.

2025-04-30 01:13:07,347 - gui.file_browser - INFO - Listing files in: C:\Users\
2025-04-30 01:13:07,367 - gui.file_browser - INFO - Windows dir command result: The filename, directory name or volume label syntax is incorrect.

2025-04-30 01:13:08,180 - gui.file_browser - INFO - Listing files in: C:\
2025-04-30 01:13:08,213 - gui.file_browser - INFO - Windows dir command result: The filename, directory name or volume label syntax is incorrect.

2025-04-30 01:13:09,073 - gui.file_browser - INFO - Listing files in: C:\
2025-04-30 01:13:09,088 - gui.file_browser - INFO - Windows dir command result: The filename, directory name or volume label syntax is incorrect.

2025-04-30 01:13:10,178 - gui.file_browser - INFO - Listing files in: C:\
2025-04-30 01:13:10,196 - gui.file_browser - INFO - Windows dir command result: The filename, directory name or volume label syntax is incorrect.

2025-04-30 01:13:10,417 - gui.file_browser - INFO - Listing files in: C:\
2025-04-30 01:13:10,426 - gui.file_browser - INFO - Windows dir command result: The filename, directory name or volume label syntax is incorrect.

2025-04-30 01:13:24,890 - gui.file_browser - INFO - Listing files in: C:\
2025-04-30 01:13:24,908 - gui.file_browser - INFO - Windows dir command result: The filename, directory name or volume label syntax is incorrect.

2025-04-30 01:13:27,051 - gui.file_browser - INFO - Listing files in: C:\
2025-04-30 01:13:27,059 - gui.file_browser - INFO - Windows dir command result: The filename, directory name or volume label syntax is incorrect.

2025-04-30 01:13:34,574 - gui.devices_tab - INFO - Sauvegarde de 12 appareils dans devices.json
2025-04-30 01:14:34,567 - gui.devices_tab - INFO - Sauvegarde de 12 appareils dans devices.json
2025-04-30 01:15:34,590 - gui.devices_tab - INFO - Sauvegarde de 12 appareils dans devices.json
2025-04-30 01:16:34,605 - gui.devices_tab - INFO - Sauvegarde de 12 appareils dans devices.json
2025-04-30 01:17:34,053 - core.remote.device_manager - INFO - Device 192.168.1.15:9877 is online (ping response)
2025-04-30 01:17:34,596 - core.remote.device_manager - INFO - Device 192.168.1.15:9877 is online (ping response)
2025-04-30 01:17:34,610 - gui.devices_tab - INFO - Sauvegarde de 12 appareils dans devices.json
2025-04-30 01:18:02,455 - core.messaging.message_service - INFO - Message service stopped
2025-04-30 01:18:02,455 - core.messaging.message_server - INFO - Message server stopped
