2025-05-11 19:31:26,918 - root - INFO - Logging initialized. Log file: logs/network_scanner_20250511_193126.log
2025-05-11 19:31:26,918 - main - INFO - Starting Network Scanner & Management Tool
2025-05-11 19:31:26,919 - main - INFO - Application started by user: asmaa
2025-05-11 19:31:26,919 - main - INFO - Start time: 2025-05-11 18:31:26 UTC
2025-05-11 19:31:26,919 - config.settings - INFO - Settings loaded successfully
2025-05-11 19:31:27,048 - core.messaging.message_service - INFO - Message service started
2025-05-11 19:31:27,048 - core.messaging.message_server - INFO - Listening for client connections on port 9876
2025-05-11 19:31:27,048 - core.messaging.message_server - INFO - Message server started on port 9876
2025-05-11 19:31:27,110 - gui.scanner_tab - INFO - Onglet Scanner initialisé
2025-05-11 19:31:27,127 - gui.devices_tab - INFO - Chargement de 84 appareils depuis devices.json
2025-05-11 19:31:27,200 - gui.monitoring_tab - WARNING - Invalid devices data received
2025-05-11 19:31:27,215 - gui.main_window - INFO - Main window initialized
2025-05-11 19:31:31,950 - gui.monitoring_tab - WARNING - Invalid devices data received
2025-05-11 19:31:36,839 - gui.monitoring_tab - WARNING - Invalid devices data received
2025-05-11 19:31:41,839 - gui.monitoring_tab - WARNING - Invalid devices data received
2025-05-11 19:31:44,526 - gui.monitoring_tab - WARNING - Invalid devices data received
2025-05-11 19:31:46,838 - gui.monitoring_tab - WARNING - Invalid devices data received
2025-05-11 19:31:51,839 - gui.monitoring_tab - WARNING - Invalid devices data received
2025-05-11 19:31:56,839 - gui.monitoring_tab - WARNING - Invalid devices data received
2025-05-11 19:32:01,839 - gui.monitoring_tab - WARNING - Invalid devices data received
2025-05-11 19:32:06,839 - gui.monitoring_tab - WARNING - Invalid devices data received
2025-05-11 19:32:26,845 - gui.devices_tab - INFO - Sauvegarde de 84 appareils dans devices.json
2025-05-11 19:33:10,839 - gui.monitoring_tab - WARNING - Invalid devices data received
2025-05-11 19:33:16,551 - gui.monitoring_tab - WARNING - Invalid devices data received
2025-05-11 19:33:26,843 - gui.devices_tab - INFO - Sauvegarde de 84 appareils dans devices.json
2025-05-11 19:33:47,857 - core.messaging.message_service - INFO - Message service stopped
2025-05-11 19:33:47,857 - core.messaging.message_server - INFO - Message server stopped
