2025-04-29 03:10:15,567 - root - INFO - Logging initialized. Log file: logs\network_scanner_20250429_031015.log
2025-04-29 03:10:15,567 - main - INFO - Starting Network Scanner & Management Tool
2025-04-29 03:10:15,568 - main - INFO - Application started by user: pc
2025-04-29 03:10:15,570 - main - INFO - Start time: 2025-04-29 02:10:15 UTC
2025-04-29 03:10:15,570 - config.settings - INFO - Settings loaded successfully
2025-04-29 03:10:15,584 - core.messaging.message_service - INFO - Message service started
2025-04-29 03:10:15,584 - core.messaging.message_server - INFO - Message server started on port 9876
2025-04-29 03:10:15,866 - core.messaging.message_server - INFO - Listening for client connections on port 9876
2025-04-29 03:10:15,874 - gui.scanner_tab - INFO - Onglet Scanner initialisé
2025-04-29 03:10:15,887 - gui.devices_tab - INFO - Chargement de 10 appareils depuis devices.json
2025-04-29 03:10:15,903 - gui.main_window - INFO - Main window initialized
2025-04-29 03:11:15,892 - gui.devices_tab - INFO - Sauvegarde de 10 appareils dans devices.json
2025-04-29 03:12:15,899 - gui.devices_tab - INFO - Sauvegarde de 10 appareils dans devices.json
2025-04-29 03:13:15,907 - gui.devices_tab - INFO - Sauvegarde de 10 appareils dans devices.json
2025-04-29 03:14:15,910 - gui.devices_tab - INFO - Sauvegarde de 10 appareils dans devices.json
2025-04-29 03:15:15,903 - gui.devices_tab - INFO - Sauvegarde de 10 appareils dans devices.json
2025-04-29 03:16:15,900 - gui.devices_tab - INFO - Sauvegarde de 10 appareils dans devices.json
2025-04-29 03:17:15,909 - gui.devices_tab - INFO - Sauvegarde de 10 appareils dans devices.json
2025-04-29 03:18:15,908 - gui.devices_tab - INFO - Sauvegarde de 10 appareils dans devices.json
2025-04-29 03:19:15,920 - gui.devices_tab - INFO - Sauvegarde de 10 appareils dans devices.json
2025-04-29 03:20:15,935 - gui.devices_tab - INFO - Sauvegarde de 10 appareils dans devices.json
2025-04-29 03:21:15,942 - gui.devices_tab - INFO - Sauvegarde de 10 appareils dans devices.json
2025-04-29 03:22:15,937 - gui.devices_tab - INFO - Sauvegarde de 10 appareils dans devices.json
2025-04-29 03:23:15,944 - gui.devices_tab - INFO - Sauvegarde de 10 appareils dans devices.json
2025-04-29 03:24:15,930 - gui.devices_tab - INFO - Sauvegarde de 10 appareils dans devices.json
2025-04-29 03:25:15,933 - gui.devices_tab - INFO - Sauvegarde de 10 appareils dans devices.json
2025-04-29 03:26:15,935 - gui.devices_tab - INFO - Sauvegarde de 10 appareils dans devices.json
2025-04-29 03:26:48,886 - core.messaging.message_service - INFO - Message service stopped
2025-04-29 03:26:48,888 - core.messaging.message_server - INFO - Message server stopped
